WARNING - 2025-07-26 09:50:23 --> [DEPRECATED] Creation of dynamic property App\Controllers\utama::$db is deprecated in APPPATH\Controllers\BaseController.php on line 56.
 1 SYSTEMPATH\CodeIgniter.php(907): App\Controllers\baseController->initController(Object(CodeIgniter\HTTP\IncomingRequest), Object(CodeIgniter\HTTP\Response), Object(CodeIgniter\Log\Logger))
 2 SYSTEMPATH\CodeIgniter.php(490): CodeIgniter\CodeIgniter->createController()
 3 SYSTEMPATH\CodeIgniter.php(368): CodeIgniter\CodeIgniter->handleRequest(null, Object(Config\Cache), false)
 4 FCPATH\index.php(67): CodeIgniter\CodeIgniter->run()
INFO - 2025-07-26 09:50:23 --> Session: Class initialized using 'CodeIgniter\Session\Handlers\FileHandler' driver.
WARNING - 2025-07-26 09:50:23 --> [DEPRECATED] Creation of dynamic property App\Controllers\utama::$session is deprecated in APPPATH\Controllers\BaseController.php on line 58.
 1 SYSTEMPATH\CodeIgniter.php(907): App\Controllers\baseController->initController(Object(CodeIgniter\HTTP\IncomingRequest), Object(CodeIgniter\HTTP\Response), Object(CodeIgniter\Log\Logger))
 2 SYSTEMPATH\CodeIgniter.php(490): CodeIgniter\CodeIgniter->createController()
 3 SYSTEMPATH\CodeIgniter.php(368): CodeIgniter\CodeIgniter->handleRequest(null, Object(Config\Cache), false)
 4 FCPATH\index.php(67): CodeIgniter\CodeIgniter->run()
WARNING - 2025-07-26 09:50:23 --> [DEPRECATED] Creation of dynamic property CodeIgniter\View\View::$session is deprecated in APPPATH\Views\template\header_v.php on line 2.
 1 SYSTEMPATH\View\View.php(213): include('D:\\xampp\\htdocs\\pos\\app\\Views\\template\\header_v.php')
 2 SYSTEMPATH\View\View.php(216): CodeIgniter\View\View->CodeIgniter\View\{closure}()
 3 SYSTEMPATH\View\View.php(431): CodeIgniter\View\View->render('template/header_v', null, true)
 4 APPPATH\Views\utama_v.php(1): CodeIgniter\View\View->include('template/header_v')
 5 SYSTEMPATH\View\View.php(213): include('D:\\xampp\\htdocs\\pos\\app\\Views\\utama_v.php')
 6 SYSTEMPATH\View\View.php(216): CodeIgniter\View\View->CodeIgniter\View\{closure}()
 7 SYSTEMPATH\Common.php(1184): CodeIgniter\View\View->render('utama_v', [], true)
 8 APPPATH\Controllers\utama.php(19): view('utama_v')
 9 SYSTEMPATH\CodeIgniter.php(934): App\Controllers\utama->index()
10 SYSTEMPATH\CodeIgniter.php(499): CodeIgniter\CodeIgniter->runController(Object(App\Controllers\utama))
11 SYSTEMPATH\CodeIgniter.php(368): CodeIgniter\CodeIgniter->handleRequest(null, Object(Config\Cache), false)
12 FCPATH\index.php(67): CodeIgniter\CodeIgniter->run()
WARNING - 2025-07-26 09:50:23 --> [DEPRECATED] Creation of dynamic property CodeIgniter\View\View::$request is deprecated in APPPATH\Views\template\header_v.php on line 3.
 1 SYSTEMPATH\View\View.php(213): include('D:\\xampp\\htdocs\\pos\\app\\Views\\template\\header_v.php')
 2 SYSTEMPATH\View\View.php(216): CodeIgniter\View\View->CodeIgniter\View\{closure}()
 3 SYSTEMPATH\View\View.php(431): CodeIgniter\View\View->render('template/header_v', null, true)
 4 APPPATH\Views\utama_v.php(1): CodeIgniter\View\View->include('template/header_v')
 5 SYSTEMPATH\View\View.php(213): include('D:\\xampp\\htdocs\\pos\\app\\Views\\utama_v.php')
 6 SYSTEMPATH\View\View.php(216): CodeIgniter\View\View->CodeIgniter\View\{closure}()
 7 SYSTEMPATH\Common.php(1184): CodeIgniter\View\View->render('utama_v', [], true)
 8 APPPATH\Controllers\utama.php(19): view('utama_v')
 9 SYSTEMPATH\CodeIgniter.php(934): App\Controllers\utama->index()
10 SYSTEMPATH\CodeIgniter.php(499): CodeIgniter\CodeIgniter->runController(Object(App\Controllers\utama))
11 SYSTEMPATH\CodeIgniter.php(368): CodeIgniter\CodeIgniter->handleRequest(null, Object(Config\Cache), false)
12 FCPATH\index.php(67): CodeIgniter\CodeIgniter->run()
WARNING - 2025-07-26 09:50:23 --> [DEPRECATED] Creation of dynamic property CodeIgniter\View\View::$db is deprecated in APPPATH\Views\template\header_v.php on line 7.
 1 SYSTEMPATH\View\View.php(213): include('D:\\xampp\\htdocs\\pos\\app\\Views\\template\\header_v.php')
 2 SYSTEMPATH\View\View.php(216): CodeIgniter\View\View->CodeIgniter\View\{closure}()
 3 SYSTEMPATH\View\View.php(431): CodeIgniter\View\View->render('template/header_v', null, true)
 4 APPPATH\Views\utama_v.php(1): CodeIgniter\View\View->include('template/header_v')
 5 SYSTEMPATH\View\View.php(213): include('D:\\xampp\\htdocs\\pos\\app\\Views\\utama_v.php')
 6 SYSTEMPATH\View\View.php(216): CodeIgniter\View\View->CodeIgniter\View\{closure}()
 7 SYSTEMPATH\Common.php(1184): CodeIgniter\View\View->render('utama_v', [], true)
 8 APPPATH\Controllers\utama.php(19): view('utama_v')
 9 SYSTEMPATH\CodeIgniter.php(934): App\Controllers\utama->index()
10 SYSTEMPATH\CodeIgniter.php(499): CodeIgniter\CodeIgniter->runController(Object(App\Controllers\utama))
11 SYSTEMPATH\CodeIgniter.php(368): CodeIgniter\CodeIgniter->handleRequest(null, Object(Config\Cache), false)
12 FCPATH\index.php(67): CodeIgniter\CodeIgniter->run()
WARNING - 2025-07-26 09:50:23 --> [DEPRECATED] Creation of dynamic property App\Controllers\utama::$db is deprecated in APPPATH\Controllers\BaseController.php on line 56.
 1 SYSTEMPATH\CodeIgniter.php(907): App\Controllers\baseController->initController(Object(CodeIgniter\HTTP\IncomingRequest), Object(CodeIgniter\HTTP\Response), Object(CodeIgniter\Log\Logger))
 2 SYSTEMPATH\CodeIgniter.php(490): CodeIgniter\CodeIgniter->createController()
 3 SYSTEMPATH\CodeIgniter.php(368): CodeIgniter\CodeIgniter->handleRequest(null, Object(Config\Cache), false)
 4 FCPATH\index.php(67): CodeIgniter\CodeIgniter->run()
INFO - 2025-07-26 09:50:23 --> Session: Class initialized using 'CodeIgniter\Session\Handlers\FileHandler' driver.
WARNING - 2025-07-26 09:50:23 --> [DEPRECATED] Creation of dynamic property App\Controllers\utama::$session is deprecated in APPPATH\Controllers\BaseController.php on line 58.
 1 SYSTEMPATH\CodeIgniter.php(907): App\Controllers\baseController->initController(Object(CodeIgniter\HTTP\IncomingRequest), Object(CodeIgniter\HTTP\Response), Object(CodeIgniter\Log\Logger))
 2 SYSTEMPATH\CodeIgniter.php(490): CodeIgniter\CodeIgniter->createController()
 3 SYSTEMPATH\CodeIgniter.php(368): CodeIgniter\CodeIgniter->handleRequest(null, Object(Config\Cache), false)
 4 FCPATH\index.php(67): CodeIgniter\CodeIgniter->run()
WARNING - 2025-07-26 09:50:23 --> [DEPRECATED] Creation of dynamic property App\Models\login_m::$session is deprecated in APPPATH\Models\core_m.php on line 22.
 1 APPPATH\Controllers\utama.php(31): App\Models\Core_m->__construct()
 2 SYSTEMPATH\CodeIgniter.php(934): App\Controllers\utama->login()
 3 SYSTEMPATH\CodeIgniter.php(499): CodeIgniter\CodeIgniter->runController(Object(App\Controllers\utama))
 4 SYSTEMPATH\CodeIgniter.php(368): CodeIgniter\CodeIgniter->handleRequest(null, Object(Config\Cache), false)
 5 FCPATH\index.php(67): CodeIgniter\CodeIgniter->run()
WARNING - 2025-07-26 09:50:23 --> [DEPRECATED] Creation of dynamic property App\Models\login_m::$request is deprecated in APPPATH\Models\core_m.php on line 23.
 1 APPPATH\Controllers\utama.php(31): App\Models\Core_m->__construct()
 2 SYSTEMPATH\CodeIgniter.php(934): App\Controllers\utama->login()
 3 SYSTEMPATH\CodeIgniter.php(499): CodeIgniter\CodeIgniter->runController(Object(App\Controllers\utama))
 4 SYSTEMPATH\CodeIgniter.php(368): CodeIgniter\CodeIgniter->handleRequest(null, Object(Config\Cache), false)
 5 FCPATH\index.php(67): CodeIgniter\CodeIgniter->run()
WARNING - 2025-07-26 09:50:23 --> [DEPRECATED] Creation of dynamic property CodeIgniter\View\View::$session is deprecated in APPPATH\Views\login_v.php on line 147.
 1 SYSTEMPATH\View\View.php(213): include('D:\\xampp\\htdocs\\pos\\app\\Views\\login_v.php')
 2 SYSTEMPATH\View\View.php(216): CodeIgniter\View\View->CodeIgniter\View\{closure}()
 3 SYSTEMPATH\Common.php(1184): CodeIgniter\View\View->render('login_v', [], true)
 4 APPPATH\Controllers\utama.php(40): view('login_v', [...])
 5 SYSTEMPATH\CodeIgniter.php(934): App\Controllers\utama->login()
 6 SYSTEMPATH\CodeIgniter.php(499): CodeIgniter\CodeIgniter->runController(Object(App\Controllers\utama))
 7 SYSTEMPATH\CodeIgniter.php(368): CodeIgniter\CodeIgniter->handleRequest(null, Object(Config\Cache), false)
 8 FCPATH\index.php(67): CodeIgniter\CodeIgniter->run()
WARNING - 2025-07-26 09:50:32 --> [DEPRECATED] Creation of dynamic property App\Controllers\utama::$db is deprecated in APPPATH\Controllers\BaseController.php on line 56.
 1 SYSTEMPATH\CodeIgniter.php(907): App\Controllers\baseController->initController(Object(CodeIgniter\HTTP\IncomingRequest), Object(CodeIgniter\HTTP\Response), Object(CodeIgniter\Log\Logger))
 2 SYSTEMPATH\CodeIgniter.php(490): CodeIgniter\CodeIgniter->createController()
 3 SYSTEMPATH\CodeIgniter.php(368): CodeIgniter\CodeIgniter->handleRequest(null, Object(Config\Cache), false)
 4 FCPATH\index.php(67): CodeIgniter\CodeIgniter->run()
INFO - 2025-07-26 09:50:32 --> Session: Class initialized using 'CodeIgniter\Session\Handlers\FileHandler' driver.
WARNING - 2025-07-26 09:50:32 --> [DEPRECATED] Creation of dynamic property App\Controllers\utama::$session is deprecated in APPPATH\Controllers\BaseController.php on line 58.
 1 SYSTEMPATH\CodeIgniter.php(907): App\Controllers\baseController->initController(Object(CodeIgniter\HTTP\IncomingRequest), Object(CodeIgniter\HTTP\Response), Object(CodeIgniter\Log\Logger))
 2 SYSTEMPATH\CodeIgniter.php(490): CodeIgniter\CodeIgniter->createController()
 3 SYSTEMPATH\CodeIgniter.php(368): CodeIgniter\CodeIgniter->handleRequest(null, Object(Config\Cache), false)
 4 FCPATH\index.php(67): CodeIgniter\CodeIgniter->run()
WARNING - 2025-07-26 09:50:32 --> [DEPRECATED] Creation of dynamic property App\Models\login_m::$session is deprecated in APPPATH\Models\core_m.php on line 22.
 1 APPPATH\Controllers\utama.php(31): App\Models\Core_m->__construct()
 2 SYSTEMPATH\CodeIgniter.php(934): App\Controllers\utama->login()
 3 SYSTEMPATH\CodeIgniter.php(499): CodeIgniter\CodeIgniter->runController(Object(App\Controllers\utama))
 4 SYSTEMPATH\CodeIgniter.php(368): CodeIgniter\CodeIgniter->handleRequest(null, Object(Config\Cache), false)
 5 FCPATH\index.php(67): CodeIgniter\CodeIgniter->run()
WARNING - 2025-07-26 09:50:32 --> [DEPRECATED] Creation of dynamic property App\Models\login_m::$request is deprecated in APPPATH\Models\core_m.php on line 23.
 1 APPPATH\Controllers\utama.php(31): App\Models\Core_m->__construct()
 2 SYSTEMPATH\CodeIgniter.php(934): App\Controllers\utama->login()
 3 SYSTEMPATH\CodeIgniter.php(499): CodeIgniter\CodeIgniter->runController(Object(App\Controllers\utama))
 4 SYSTEMPATH\CodeIgniter.php(368): CodeIgniter\CodeIgniter->handleRequest(null, Object(Config\Cache), false)
 5 FCPATH\index.php(67): CodeIgniter\CodeIgniter->run()
WARNING - 2025-07-26 09:50:32 --> [DEPRECATED] Creation of dynamic property App\Controllers\utama::$db is deprecated in APPPATH\Controllers\BaseController.php on line 56.
 1 SYSTEMPATH\CodeIgniter.php(907): App\Controllers\baseController->initController(Object(CodeIgniter\HTTP\IncomingRequest), Object(CodeIgniter\HTTP\Response), Object(CodeIgniter\Log\Logger))
 2 SYSTEMPATH\CodeIgniter.php(490): CodeIgniter\CodeIgniter->createController()
 3 SYSTEMPATH\CodeIgniter.php(368): CodeIgniter\CodeIgniter->handleRequest(null, Object(Config\Cache), false)
 4 FCPATH\index.php(67): CodeIgniter\CodeIgniter->run()
INFO - 2025-07-26 09:50:32 --> Session: Class initialized using 'CodeIgniter\Session\Handlers\FileHandler' driver.
WARNING - 2025-07-26 09:50:32 --> [DEPRECATED] Creation of dynamic property App\Controllers\utama::$session is deprecated in APPPATH\Controllers\BaseController.php on line 58.
 1 SYSTEMPATH\CodeIgniter.php(907): App\Controllers\baseController->initController(Object(CodeIgniter\HTTP\IncomingRequest), Object(CodeIgniter\HTTP\Response), Object(CodeIgniter\Log\Logger))
 2 SYSTEMPATH\CodeIgniter.php(490): CodeIgniter\CodeIgniter->createController()
 3 SYSTEMPATH\CodeIgniter.php(368): CodeIgniter\CodeIgniter->handleRequest(null, Object(Config\Cache), false)
 4 FCPATH\index.php(67): CodeIgniter\CodeIgniter->run()
WARNING - 2025-07-26 09:50:32 --> [DEPRECATED] Creation of dynamic property CodeIgniter\View\View::$session is deprecated in APPPATH\Views\template\header_v.php on line 2.
 1 SYSTEMPATH\View\View.php(213): include('D:\\xampp\\htdocs\\pos\\app\\Views\\template\\header_v.php')
 2 SYSTEMPATH\View\View.php(216): CodeIgniter\View\View->CodeIgniter\View\{closure}()
 3 SYSTEMPATH\View\View.php(431): CodeIgniter\View\View->render('template/header_v', null, true)
 4 APPPATH\Views\utama_v.php(1): CodeIgniter\View\View->include('template/header_v')
 5 SYSTEMPATH\View\View.php(213): include('D:\\xampp\\htdocs\\pos\\app\\Views\\utama_v.php')
 6 SYSTEMPATH\View\View.php(216): CodeIgniter\View\View->CodeIgniter\View\{closure}()
 7 SYSTEMPATH\Common.php(1184): CodeIgniter\View\View->render('utama_v', [], true)
 8 APPPATH\Controllers\utama.php(19): view('utama_v')
 9 SYSTEMPATH\CodeIgniter.php(934): App\Controllers\utama->index()
10 SYSTEMPATH\CodeIgniter.php(499): CodeIgniter\CodeIgniter->runController(Object(App\Controllers\utama))
11 SYSTEMPATH\CodeIgniter.php(368): CodeIgniter\CodeIgniter->handleRequest(null, Object(Config\Cache), false)
12 FCPATH\index.php(67): CodeIgniter\CodeIgniter->run()
WARNING - 2025-07-26 09:50:32 --> [DEPRECATED] Creation of dynamic property CodeIgniter\View\View::$request is deprecated in APPPATH\Views\template\header_v.php on line 3.
 1 SYSTEMPATH\View\View.php(213): include('D:\\xampp\\htdocs\\pos\\app\\Views\\template\\header_v.php')
 2 SYSTEMPATH\View\View.php(216): CodeIgniter\View\View->CodeIgniter\View\{closure}()
 3 SYSTEMPATH\View\View.php(431): CodeIgniter\View\View->render('template/header_v', null, true)
 4 APPPATH\Views\utama_v.php(1): CodeIgniter\View\View->include('template/header_v')
 5 SYSTEMPATH\View\View.php(213): include('D:\\xampp\\htdocs\\pos\\app\\Views\\utama_v.php')
 6 SYSTEMPATH\View\View.php(216): CodeIgniter\View\View->CodeIgniter\View\{closure}()
 7 SYSTEMPATH\Common.php(1184): CodeIgniter\View\View->render('utama_v', [], true)
 8 APPPATH\Controllers\utama.php(19): view('utama_v')
 9 SYSTEMPATH\CodeIgniter.php(934): App\Controllers\utama->index()
10 SYSTEMPATH\CodeIgniter.php(499): CodeIgniter\CodeIgniter->runController(Object(App\Controllers\utama))
11 SYSTEMPATH\CodeIgniter.php(368): CodeIgniter\CodeIgniter->handleRequest(null, Object(Config\Cache), false)
12 FCPATH\index.php(67): CodeIgniter\CodeIgniter->run()
WARNING - 2025-07-26 09:50:32 --> [DEPRECATED] Creation of dynamic property CodeIgniter\View\View::$db is deprecated in APPPATH\Views\template\header_v.php on line 7.
 1 SYSTEMPATH\View\View.php(213): include('D:\\xampp\\htdocs\\pos\\app\\Views\\template\\header_v.php')
 2 SYSTEMPATH\View\View.php(216): CodeIgniter\View\View->CodeIgniter\View\{closure}()
 3 SYSTEMPATH\View\View.php(431): CodeIgniter\View\View->render('template/header_v', null, true)
 4 APPPATH\Views\utama_v.php(1): CodeIgniter\View\View->include('template/header_v')
 5 SYSTEMPATH\View\View.php(213): include('D:\\xampp\\htdocs\\pos\\app\\Views\\utama_v.php')
 6 SYSTEMPATH\View\View.php(216): CodeIgniter\View\View->CodeIgniter\View\{closure}()
 7 SYSTEMPATH\Common.php(1184): CodeIgniter\View\View->render('utama_v', [], true)
 8 APPPATH\Controllers\utama.php(19): view('utama_v')
 9 SYSTEMPATH\CodeIgniter.php(934): App\Controllers\utama->index()
10 SYSTEMPATH\CodeIgniter.php(499): CodeIgniter\CodeIgniter->runController(Object(App\Controllers\utama))
11 SYSTEMPATH\CodeIgniter.php(368): CodeIgniter\CodeIgniter->handleRequest(null, Object(Config\Cache), false)
12 FCPATH\index.php(67): CodeIgniter\CodeIgniter->run()
WARNING - 2025-07-26 09:50:49 --> [DEPRECATED] Creation of dynamic property App\Controllers\master\mstore::$db is deprecated in APPPATH\Controllers\BaseController.php on line 56.
 1 SYSTEMPATH\CodeIgniter.php(907): App\Controllers\baseController->initController(Object(CodeIgniter\HTTP\IncomingRequest), Object(CodeIgniter\HTTP\Response), Object(CodeIgniter\Log\Logger))
 2 SYSTEMPATH\CodeIgniter.php(490): CodeIgniter\CodeIgniter->createController()
 3 SYSTEMPATH\CodeIgniter.php(368): CodeIgniter\CodeIgniter->handleRequest(null, Object(Config\Cache), false)
 4 FCPATH\index.php(67): CodeIgniter\CodeIgniter->run()
INFO - 2025-07-26 09:50:49 --> Session: Class initialized using 'CodeIgniter\Session\Handlers\FileHandler' driver.
WARNING - 2025-07-26 09:50:49 --> [DEPRECATED] Creation of dynamic property App\Controllers\master\mstore::$session is deprecated in APPPATH\Controllers\BaseController.php on line 58.
 1 SYSTEMPATH\CodeIgniter.php(907): App\Controllers\baseController->initController(Object(CodeIgniter\HTTP\IncomingRequest), Object(CodeIgniter\HTTP\Response), Object(CodeIgniter\Log\Logger))
 2 SYSTEMPATH\CodeIgniter.php(490): CodeIgniter\CodeIgniter->createController()
 3 SYSTEMPATH\CodeIgniter.php(368): CodeIgniter\CodeIgniter->handleRequest(null, Object(Config\Cache), false)
 4 FCPATH\index.php(67): CodeIgniter\CodeIgniter->run()
WARNING - 2025-07-26 09:50:49 --> [DEPRECATED] Creation of dynamic property App\Models\master\mstore_m::$session is deprecated in APPPATH\Models\core_m.php on line 22.
 1 APPPATH\Controllers\master\mstore.php(21): App\Models\Core_m->__construct()
 2 SYSTEMPATH\CodeIgniter.php(934): App\Controllers\master\mstore->index()
 3 SYSTEMPATH\CodeIgniter.php(499): CodeIgniter\CodeIgniter->runController(Object(App\Controllers\master\mstore))
 4 SYSTEMPATH\CodeIgniter.php(368): CodeIgniter\CodeIgniter->handleRequest(null, Object(Config\Cache), false)
 5 FCPATH\index.php(67): CodeIgniter\CodeIgniter->run()
WARNING - 2025-07-26 09:50:49 --> [DEPRECATED] Creation of dynamic property App\Models\master\mstore_m::$request is deprecated in APPPATH\Models\core_m.php on line 23.
 1 APPPATH\Controllers\master\mstore.php(21): App\Models\Core_m->__construct()
 2 SYSTEMPATH\CodeIgniter.php(934): App\Controllers\master\mstore->index()
 3 SYSTEMPATH\CodeIgniter.php(499): CodeIgniter\CodeIgniter->runController(Object(App\Controllers\master\mstore))
 4 SYSTEMPATH\CodeIgniter.php(368): CodeIgniter\CodeIgniter->handleRequest(null, Object(Config\Cache), false)
 5 FCPATH\index.php(67): CodeIgniter\CodeIgniter->run()
WARNING - 2025-07-26 09:50:49 --> [DEPRECATED] Creation of dynamic property CodeIgniter\View\View::$session is deprecated in APPPATH\Views\template\header_v.php on line 2.
 1 SYSTEMPATH\View\View.php(213): include('D:\\xampp\\htdocs\\pos\\app\\Views\\template\\header_v.php')
 2 SYSTEMPATH\View\View.php(216): CodeIgniter\View\View->CodeIgniter\View\{closure}()
 3 SYSTEMPATH\View\View.php(431): CodeIgniter\View\View->render('template/header_v', null, true)
 4 APPPATH\Views\master\mstore_v.php(1): CodeIgniter\View\View->include('template/header_v')
 5 SYSTEMPATH\View\View.php(213): include('D:\\xampp\\htdocs\\pos\\app\\Views\\master\\mstore_v.php')
 6 SYSTEMPATH\View\View.php(216): CodeIgniter\View\View->CodeIgniter\View\{closure}()
 7 SYSTEMPATH\Common.php(1184): CodeIgniter\View\View->render('master/mstore_v', [], true)
 8 APPPATH\Controllers\master\mstore.php(23): view('master/mstore_v', [...])
 9 SYSTEMPATH\CodeIgniter.php(934): App\Controllers\master\mstore->index()
10 SYSTEMPATH\CodeIgniter.php(499): CodeIgniter\CodeIgniter->runController(Object(App\Controllers\master\mstore))
11 SYSTEMPATH\CodeIgniter.php(368): CodeIgniter\CodeIgniter->handleRequest(null, Object(Config\Cache), false)
12 FCPATH\index.php(67): CodeIgniter\CodeIgniter->run()
WARNING - 2025-07-26 09:50:49 --> [DEPRECATED] Creation of dynamic property CodeIgniter\View\View::$request is deprecated in APPPATH\Views\template\header_v.php on line 3.
 1 SYSTEMPATH\View\View.php(213): include('D:\\xampp\\htdocs\\pos\\app\\Views\\template\\header_v.php')
 2 SYSTEMPATH\View\View.php(216): CodeIgniter\View\View->CodeIgniter\View\{closure}()
 3 SYSTEMPATH\View\View.php(431): CodeIgniter\View\View->render('template/header_v', null, true)
 4 APPPATH\Views\master\mstore_v.php(1): CodeIgniter\View\View->include('template/header_v')
 5 SYSTEMPATH\View\View.php(213): include('D:\\xampp\\htdocs\\pos\\app\\Views\\master\\mstore_v.php')
 6 SYSTEMPATH\View\View.php(216): CodeIgniter\View\View->CodeIgniter\View\{closure}()
 7 SYSTEMPATH\Common.php(1184): CodeIgniter\View\View->render('master/mstore_v', [], true)
 8 APPPATH\Controllers\master\mstore.php(23): view('master/mstore_v', [...])
 9 SYSTEMPATH\CodeIgniter.php(934): App\Controllers\master\mstore->index()
10 SYSTEMPATH\CodeIgniter.php(499): CodeIgniter\CodeIgniter->runController(Object(App\Controllers\master\mstore))
11 SYSTEMPATH\CodeIgniter.php(368): CodeIgniter\CodeIgniter->handleRequest(null, Object(Config\Cache), false)
12 FCPATH\index.php(67): CodeIgniter\CodeIgniter->run()
WARNING - 2025-07-26 09:50:49 --> [DEPRECATED] Creation of dynamic property CodeIgniter\View\View::$db is deprecated in APPPATH\Views\template\header_v.php on line 7.
 1 SYSTEMPATH\View\View.php(213): include('D:\\xampp\\htdocs\\pos\\app\\Views\\template\\header_v.php')
 2 SYSTEMPATH\View\View.php(216): CodeIgniter\View\View->CodeIgniter\View\{closure}()
 3 SYSTEMPATH\View\View.php(431): CodeIgniter\View\View->render('template/header_v', null, true)
 4 APPPATH\Views\master\mstore_v.php(1): CodeIgniter\View\View->include('template/header_v')
 5 SYSTEMPATH\View\View.php(213): include('D:\\xampp\\htdocs\\pos\\app\\Views\\master\\mstore_v.php')
 6 SYSTEMPATH\View\View.php(216): CodeIgniter\View\View->CodeIgniter\View\{closure}()
 7 SYSTEMPATH\Common.php(1184): CodeIgniter\View\View->render('master/mstore_v', [], true)
 8 APPPATH\Controllers\master\mstore.php(23): view('master/mstore_v', [...])
 9 SYSTEMPATH\CodeIgniter.php(934): App\Controllers\master\mstore->index()
10 SYSTEMPATH\CodeIgniter.php(499): CodeIgniter\CodeIgniter->runController(Object(App\Controllers\master\mstore))
11 SYSTEMPATH\CodeIgniter.php(368): CodeIgniter\CodeIgniter->handleRequest(null, Object(Config\Cache), false)
12 FCPATH\index.php(67): CodeIgniter\CodeIgniter->run()
WARNING - 2025-07-26 09:51:04 --> [DEPRECATED] Creation of dynamic property App\Controllers\transaction\transaction::$db is deprecated in APPPATH\Controllers\BaseController.php on line 56.
 1 SYSTEMPATH\CodeIgniter.php(907): App\Controllers\baseController->initController(Object(CodeIgniter\HTTP\IncomingRequest), Object(CodeIgniter\HTTP\Response), Object(CodeIgniter\Log\Logger))
 2 SYSTEMPATH\CodeIgniter.php(490): CodeIgniter\CodeIgniter->createController()
 3 SYSTEMPATH\CodeIgniter.php(368): CodeIgniter\CodeIgniter->handleRequest(null, Object(Config\Cache), false)
 4 FCPATH\index.php(67): CodeIgniter\CodeIgniter->run()
INFO - 2025-07-26 09:51:04 --> Session: Class initialized using 'CodeIgniter\Session\Handlers\FileHandler' driver.
WARNING - 2025-07-26 09:51:04 --> [DEPRECATED] Creation of dynamic property App\Controllers\transaction\transaction::$session is deprecated in APPPATH\Controllers\BaseController.php on line 58.
 1 SYSTEMPATH\CodeIgniter.php(907): App\Controllers\baseController->initController(Object(CodeIgniter\HTTP\IncomingRequest), Object(CodeIgniter\HTTP\Response), Object(CodeIgniter\Log\Logger))
 2 SYSTEMPATH\CodeIgniter.php(490): CodeIgniter\CodeIgniter->createController()
 3 SYSTEMPATH\CodeIgniter.php(368): CodeIgniter\CodeIgniter->handleRequest(null, Object(Config\Cache), false)
 4 FCPATH\index.php(67): CodeIgniter\CodeIgniter->run()
WARNING - 2025-07-26 09:51:04 --> [DEPRECATED] Creation of dynamic property App\Models\transaction\transaction_m::$session is deprecated in APPPATH\Models\core_m.php on line 22.
 1 APPPATH\Controllers\transaction\transaction.php(21): App\Models\Core_m->__construct()
 2 SYSTEMPATH\CodeIgniter.php(934): App\Controllers\transaction\transaction->index()
 3 SYSTEMPATH\CodeIgniter.php(499): CodeIgniter\CodeIgniter->runController(Object(App\Controllers\transaction\transaction))
 4 SYSTEMPATH\CodeIgniter.php(368): CodeIgniter\CodeIgniter->handleRequest(null, Object(Config\Cache), false)
 5 FCPATH\index.php(67): CodeIgniter\CodeIgniter->run()
WARNING - 2025-07-26 09:51:04 --> [DEPRECATED] Creation of dynamic property App\Models\transaction\transaction_m::$request is deprecated in APPPATH\Models\core_m.php on line 23.
 1 APPPATH\Controllers\transaction\transaction.php(21): App\Models\Core_m->__construct()
 2 SYSTEMPATH\CodeIgniter.php(934): App\Controllers\transaction\transaction->index()
 3 SYSTEMPATH\CodeIgniter.php(499): CodeIgniter\CodeIgniter->runController(Object(App\Controllers\transaction\transaction))
 4 SYSTEMPATH\CodeIgniter.php(368): CodeIgniter\CodeIgniter->handleRequest(null, Object(Config\Cache), false)
 5 FCPATH\index.php(67): CodeIgniter\CodeIgniter->run()
WARNING - 2025-07-26 09:51:04 --> [DEPRECATED] Creation of dynamic property CodeIgniter\View\View::$session is deprecated in APPPATH\Views\template\header_v.php on line 2.
 1 SYSTEMPATH\View\View.php(213): include('D:\\xampp\\htdocs\\pos\\app\\Views\\template\\header_v.php')
 2 SYSTEMPATH\View\View.php(216): CodeIgniter\View\View->CodeIgniter\View\{closure}()
 3 SYSTEMPATH\View\View.php(431): CodeIgniter\View\View->render('template/header_v', null, true)
 4 APPPATH\Views\transaction\transaction_v.php(1): CodeIgniter\View\View->include('template/header_v')
 5 SYSTEMPATH\View\View.php(213): include('D:\\xampp\\htdocs\\pos\\app\\Views\\transaction\\transaction_v.php')
 6 SYSTEMPATH\View\View.php(216): CodeIgniter\View\View->CodeIgniter\View\{closure}()
 7 SYSTEMPATH\Common.php(1184): CodeIgniter\View\View->render('transaction/transaction_v', [], true)
 8 APPPATH\Controllers\transaction\transaction.php(23): view('transaction/transaction_v', [...])
 9 SYSTEMPATH\CodeIgniter.php(934): App\Controllers\transaction\transaction->index()
10 SYSTEMPATH\CodeIgniter.php(499): CodeIgniter\CodeIgniter->runController(Object(App\Controllers\transaction\transaction))
11 SYSTEMPATH\CodeIgniter.php(368): CodeIgniter\CodeIgniter->handleRequest(null, Object(Config\Cache), false)
12 FCPATH\index.php(67): CodeIgniter\CodeIgniter->run()
WARNING - 2025-07-26 09:51:04 --> [DEPRECATED] Creation of dynamic property CodeIgniter\View\View::$request is deprecated in APPPATH\Views\template\header_v.php on line 3.
 1 SYSTEMPATH\View\View.php(213): include('D:\\xampp\\htdocs\\pos\\app\\Views\\template\\header_v.php')
 2 SYSTEMPATH\View\View.php(216): CodeIgniter\View\View->CodeIgniter\View\{closure}()
 3 SYSTEMPATH\View\View.php(431): CodeIgniter\View\View->render('template/header_v', null, true)
 4 APPPATH\Views\transaction\transaction_v.php(1): CodeIgniter\View\View->include('template/header_v')
 5 SYSTEMPATH\View\View.php(213): include('D:\\xampp\\htdocs\\pos\\app\\Views\\transaction\\transaction_v.php')
 6 SYSTEMPATH\View\View.php(216): CodeIgniter\View\View->CodeIgniter\View\{closure}()
 7 SYSTEMPATH\Common.php(1184): CodeIgniter\View\View->render('transaction/transaction_v', [], true)
 8 APPPATH\Controllers\transaction\transaction.php(23): view('transaction/transaction_v', [...])
 9 SYSTEMPATH\CodeIgniter.php(934): App\Controllers\transaction\transaction->index()
10 SYSTEMPATH\CodeIgniter.php(499): CodeIgniter\CodeIgniter->runController(Object(App\Controllers\transaction\transaction))
11 SYSTEMPATH\CodeIgniter.php(368): CodeIgniter\CodeIgniter->handleRequest(null, Object(Config\Cache), false)
12 FCPATH\index.php(67): CodeIgniter\CodeIgniter->run()
WARNING - 2025-07-26 09:51:04 --> [DEPRECATED] Creation of dynamic property CodeIgniter\View\View::$db is deprecated in APPPATH\Views\template\header_v.php on line 7.
 1 SYSTEMPATH\View\View.php(213): include('D:\\xampp\\htdocs\\pos\\app\\Views\\template\\header_v.php')
 2 SYSTEMPATH\View\View.php(216): CodeIgniter\View\View->CodeIgniter\View\{closure}()
 3 SYSTEMPATH\View\View.php(431): CodeIgniter\View\View->render('template/header_v', null, true)
 4 APPPATH\Views\transaction\transaction_v.php(1): CodeIgniter\View\View->include('template/header_v')
 5 SYSTEMPATH\View\View.php(213): include('D:\\xampp\\htdocs\\pos\\app\\Views\\transaction\\transaction_v.php')
 6 SYSTEMPATH\View\View.php(216): CodeIgniter\View\View->CodeIgniter\View\{closure}()
 7 SYSTEMPATH\Common.php(1184): CodeIgniter\View\View->render('transaction/transaction_v', [], true)
 8 APPPATH\Controllers\transaction\transaction.php(23): view('transaction/transaction_v', [...])
 9 SYSTEMPATH\CodeIgniter.php(934): App\Controllers\transaction\transaction->index()
10 SYSTEMPATH\CodeIgniter.php(499): CodeIgniter\CodeIgniter->runController(Object(App\Controllers\transaction\transaction))
11 SYSTEMPATH\CodeIgniter.php(368): CodeIgniter\CodeIgniter->handleRequest(null, Object(Config\Cache), false)
12 FCPATH\index.php(67): CodeIgniter\CodeIgniter->run()
WARNING - 2025-07-26 09:51:05 --> [DEPRECATED] Creation of dynamic property App\Controllers\transaction\transaction::$db is deprecated in APPPATH\Controllers\BaseController.php on line 56.
 1 SYSTEMPATH\CodeIgniter.php(907): App\Controllers\baseController->initController(Object(CodeIgniter\HTTP\IncomingRequest), Object(CodeIgniter\HTTP\Response), Object(CodeIgniter\Log\Logger))
 2 SYSTEMPATH\CodeIgniter.php(490): CodeIgniter\CodeIgniter->createController()
 3 SYSTEMPATH\CodeIgniter.php(368): CodeIgniter\CodeIgniter->handleRequest(null, Object(Config\Cache), false)
 4 FCPATH\index.php(67): CodeIgniter\CodeIgniter->run()
INFO - 2025-07-26 09:51:05 --> Session: Class initialized using 'CodeIgniter\Session\Handlers\FileHandler' driver.
WARNING - 2025-07-26 09:51:05 --> [DEPRECATED] Creation of dynamic property App\Controllers\transaction\transaction::$session is deprecated in APPPATH\Controllers\BaseController.php on line 58.
 1 SYSTEMPATH\CodeIgniter.php(907): App\Controllers\baseController->initController(Object(CodeIgniter\HTTP\IncomingRequest), Object(CodeIgniter\HTTP\Response), Object(CodeIgniter\Log\Logger))
 2 SYSTEMPATH\CodeIgniter.php(490): CodeIgniter\CodeIgniter->createController()
 3 SYSTEMPATH\CodeIgniter.php(368): CodeIgniter\CodeIgniter->handleRequest(null, Object(Config\Cache), false)
 4 FCPATH\index.php(67): CodeIgniter\CodeIgniter->run()
WARNING - 2025-07-26 09:51:05 --> [DEPRECATED] Creation of dynamic property App\Controllers\transaction\transaction::$db is deprecated in APPPATH\Controllers\BaseController.php on line 56.
 1 SYSTEMPATH\CodeIgniter.php(907): App\Controllers\baseController->initController(Object(CodeIgniter\HTTP\IncomingRequest), Object(CodeIgniter\HTTP\Response), Object(CodeIgniter\Log\Logger))
 2 SYSTEMPATH\CodeIgniter.php(490): CodeIgniter\CodeIgniter->createController()
 3 SYSTEMPATH\CodeIgniter.php(368): CodeIgniter\CodeIgniter->handleRequest(null, Object(Config\Cache), false)
 4 FCPATH\index.php(67): CodeIgniter\CodeIgniter->run()
INFO - 2025-07-26 09:51:05 --> Session: Class initialized using 'CodeIgniter\Session\Handlers\FileHandler' driver.
WARNING - 2025-07-26 09:51:05 --> [DEPRECATED] Creation of dynamic property App\Controllers\transaction\transaction::$session is deprecated in APPPATH\Controllers\BaseController.php on line 58.
 1 SYSTEMPATH\CodeIgniter.php(907): App\Controllers\baseController->initController(Object(CodeIgniter\HTTP\IncomingRequest), Object(CodeIgniter\HTTP\Response), Object(CodeIgniter\Log\Logger))
 2 SYSTEMPATH\CodeIgniter.php(490): CodeIgniter\CodeIgniter->createController()
 3 SYSTEMPATH\CodeIgniter.php(368): CodeIgniter\CodeIgniter->handleRequest(null, Object(Config\Cache), false)
 4 FCPATH\index.php(67): CodeIgniter\CodeIgniter->run()
WARNING - 2025-07-26 09:51:05 --> [DEPRECATED] Creation of dynamic property App\Controllers\transaction\transaction::$db is deprecated in APPPATH\Controllers\BaseController.php on line 56.
 1 SYSTEMPATH\CodeIgniter.php(907): App\Controllers\baseController->initController(Object(CodeIgniter\HTTP\IncomingRequest), Object(CodeIgniter\HTTP\Response), Object(CodeIgniter\Log\Logger))
 2 SYSTEMPATH\CodeIgniter.php(490): CodeIgniter\CodeIgniter->createController()
 3 SYSTEMPATH\CodeIgniter.php(368): CodeIgniter\CodeIgniter->handleRequest(null, Object(Config\Cache), false)
 4 FCPATH\index.php(67): CodeIgniter\CodeIgniter->run()
WARNING - 2025-07-26 09:51:05 --> [DEPRECATED] Creation of dynamic property App\Controllers\transaction\transaction::$db is deprecated in APPPATH\Controllers\BaseController.php on line 56.
 1 SYSTEMPATH\CodeIgniter.php(907): App\Controllers\baseController->initController(Object(CodeIgniter\HTTP\IncomingRequest), Object(CodeIgniter\HTTP\Response), Object(CodeIgniter\Log\Logger))
 2 SYSTEMPATH\CodeIgniter.php(490): CodeIgniter\CodeIgniter->createController()
 3 SYSTEMPATH\CodeIgniter.php(368): CodeIgniter\CodeIgniter->handleRequest(null, Object(Config\Cache), false)
 4 FCPATH\index.php(67): CodeIgniter\CodeIgniter->run()
INFO - 2025-07-26 09:51:06 --> Session: Class initialized using 'CodeIgniter\Session\Handlers\FileHandler' driver.
WARNING - 2025-07-26 09:51:06 --> [DEPRECATED] Creation of dynamic property App\Controllers\transaction\transaction::$session is deprecated in APPPATH\Controllers\BaseController.php on line 58.
 1 SYSTEMPATH\CodeIgniter.php(907): App\Controllers\baseController->initController(Object(CodeIgniter\HTTP\IncomingRequest), Object(CodeIgniter\HTTP\Response), Object(CodeIgniter\Log\Logger))
 2 SYSTEMPATH\CodeIgniter.php(490): CodeIgniter\CodeIgniter->createController()
 3 SYSTEMPATH\CodeIgniter.php(368): CodeIgniter\CodeIgniter->handleRequest(null, Object(Config\Cache), false)
 4 FCPATH\index.php(67): CodeIgniter\CodeIgniter->run()
INFO - 2025-07-26 09:51:06 --> Session: Class initialized using 'CodeIgniter\Session\Handlers\FileHandler' driver.
WARNING - 2025-07-26 09:51:06 --> [DEPRECATED] Creation of dynamic property App\Controllers\transaction\transaction::$session is deprecated in APPPATH\Controllers\BaseController.php on line 58.
 1 SYSTEMPATH\CodeIgniter.php(907): App\Controllers\baseController->initController(Object(CodeIgniter\HTTP\IncomingRequest), Object(CodeIgniter\HTTP\Response), Object(CodeIgniter\Log\Logger))
 2 SYSTEMPATH\CodeIgniter.php(490): CodeIgniter\CodeIgniter->createController()
 3 SYSTEMPATH\CodeIgniter.php(368): CodeIgniter\CodeIgniter->handleRequest(null, Object(Config\Cache), false)
 4 FCPATH\index.php(67): CodeIgniter\CodeIgniter->run()
WARNING - 2025-07-26 14:36:24 --> [DEPRECATED] Creation of dynamic property App\Controllers\utama::$db is deprecated in APPPATH\Controllers\BaseController.php on line 56.
 1 SYSTEMPATH\CodeIgniter.php(907): App\Controllers\baseController->initController(Object(CodeIgniter\HTTP\IncomingRequest), Object(CodeIgniter\HTTP\Response), Object(CodeIgniter\Log\Logger))
 2 SYSTEMPATH\CodeIgniter.php(490): CodeIgniter\CodeIgniter->createController()
 3 SYSTEMPATH\CodeIgniter.php(368): CodeIgniter\CodeIgniter->handleRequest(null, Object(Config\Cache), false)
 4 FCPATH\index.php(67): CodeIgniter\CodeIgniter->run()
INFO - 2025-07-26 14:36:24 --> Session: Class initialized using 'CodeIgniter\Session\Handlers\FileHandler' driver.
WARNING - 2025-07-26 14:36:24 --> [DEPRECATED] Creation of dynamic property App\Controllers\utama::$session is deprecated in APPPATH\Controllers\BaseController.php on line 58.
 1 SYSTEMPATH\CodeIgniter.php(907): App\Controllers\baseController->initController(Object(CodeIgniter\HTTP\IncomingRequest), Object(CodeIgniter\HTTP\Response), Object(CodeIgniter\Log\Logger))
 2 SYSTEMPATH\CodeIgniter.php(490): CodeIgniter\CodeIgniter->createController()
 3 SYSTEMPATH\CodeIgniter.php(368): CodeIgniter\CodeIgniter->handleRequest(null, Object(Config\Cache), false)
 4 FCPATH\index.php(67): CodeIgniter\CodeIgniter->run()
WARNING - 2025-07-26 14:36:24 --> [DEPRECATED] Creation of dynamic property App\Models\login_m::$session is deprecated in APPPATH\Models\core_m.php on line 22.
 1 APPPATH\Controllers\utama.php(31): App\Models\Core_m->__construct()
 2 SYSTEMPATH\CodeIgniter.php(934): App\Controllers\utama->login()
 3 SYSTEMPATH\CodeIgniter.php(499): CodeIgniter\CodeIgniter->runController(Object(App\Controllers\utama))
 4 SYSTEMPATH\CodeIgniter.php(368): CodeIgniter\CodeIgniter->handleRequest(null, Object(Config\Cache), false)
 5 FCPATH\index.php(67): CodeIgniter\CodeIgniter->run()
WARNING - 2025-07-26 14:36:24 --> [DEPRECATED] Creation of dynamic property App\Models\login_m::$request is deprecated in APPPATH\Models\core_m.php on line 23.
 1 APPPATH\Controllers\utama.php(31): App\Models\Core_m->__construct()
 2 SYSTEMPATH\CodeIgniter.php(934): App\Controllers\utama->login()
 3 SYSTEMPATH\CodeIgniter.php(499): CodeIgniter\CodeIgniter->runController(Object(App\Controllers\utama))
 4 SYSTEMPATH\CodeIgniter.php(368): CodeIgniter\CodeIgniter->handleRequest(null, Object(Config\Cache), false)
 5 FCPATH\index.php(67): CodeIgniter\CodeIgniter->run()
WARNING - 2025-07-26 14:36:24 --> [DEPRECATED] Creation of dynamic property CodeIgniter\View\View::$session is deprecated in APPPATH\Views\login_v.php on line 147.
 1 SYSTEMPATH\View\View.php(213): include('D:\\xampp\\htdocs\\pos\\app\\Views\\login_v.php')
 2 SYSTEMPATH\View\View.php(216): CodeIgniter\View\View->CodeIgniter\View\{closure}()
 3 SYSTEMPATH\Common.php(1184): CodeIgniter\View\View->render('login_v', [], true)
 4 APPPATH\Controllers\utama.php(40): view('login_v', [...])
 5 SYSTEMPATH\CodeIgniter.php(934): App\Controllers\utama->login()
 6 SYSTEMPATH\CodeIgniter.php(499): CodeIgniter\CodeIgniter->runController(Object(App\Controllers\utama))
 7 SYSTEMPATH\CodeIgniter.php(368): CodeIgniter\CodeIgniter->handleRequest(null, Object(Config\Cache), false)
 8 FCPATH\index.php(67): CodeIgniter\CodeIgniter->run()
WARNING - 2025-07-26 14:37:06 --> [DEPRECATED] Creation of dynamic property App\Controllers\utama::$db is deprecated in APPPATH\Controllers\BaseController.php on line 56.
 1 SYSTEMPATH\CodeIgniter.php(907): App\Controllers\baseController->initController(Object(CodeIgniter\HTTP\IncomingRequest), Object(CodeIgniter\HTTP\Response), Object(CodeIgniter\Log\Logger))
 2 SYSTEMPATH\CodeIgniter.php(490): CodeIgniter\CodeIgniter->createController()
 3 SYSTEMPATH\CodeIgniter.php(368): CodeIgniter\CodeIgniter->handleRequest(null, Object(Config\Cache), false)
 4 FCPATH\index.php(67): CodeIgniter\CodeIgniter->run()
INFO - 2025-07-26 14:37:06 --> Session: Class initialized using 'CodeIgniter\Session\Handlers\FileHandler' driver.
WARNING - 2025-07-26 14:37:06 --> [DEPRECATED] Creation of dynamic property App\Controllers\utama::$session is deprecated in APPPATH\Controllers\BaseController.php on line 58.
 1 SYSTEMPATH\CodeIgniter.php(907): App\Controllers\baseController->initController(Object(CodeIgniter\HTTP\IncomingRequest), Object(CodeIgniter\HTTP\Response), Object(CodeIgniter\Log\Logger))
 2 SYSTEMPATH\CodeIgniter.php(490): CodeIgniter\CodeIgniter->createController()
 3 SYSTEMPATH\CodeIgniter.php(368): CodeIgniter\CodeIgniter->handleRequest(null, Object(Config\Cache), false)
 4 FCPATH\index.php(67): CodeIgniter\CodeIgniter->run()
WARNING - 2025-07-26 14:37:06 --> [DEPRECATED] Creation of dynamic property App\Models\login_m::$session is deprecated in APPPATH\Models\core_m.php on line 22.
 1 APPPATH\Controllers\utama.php(31): App\Models\Core_m->__construct()
 2 SYSTEMPATH\CodeIgniter.php(934): App\Controllers\utama->login()
 3 SYSTEMPATH\CodeIgniter.php(499): CodeIgniter\CodeIgniter->runController(Object(App\Controllers\utama))
 4 SYSTEMPATH\CodeIgniter.php(368): CodeIgniter\CodeIgniter->handleRequest(null, Object(Config\Cache), false)
 5 FCPATH\index.php(67): CodeIgniter\CodeIgniter->run()
WARNING - 2025-07-26 14:37:06 --> [DEPRECATED] Creation of dynamic property App\Models\login_m::$request is deprecated in APPPATH\Models\core_m.php on line 23.
 1 APPPATH\Controllers\utama.php(31): App\Models\Core_m->__construct()
 2 SYSTEMPATH\CodeIgniter.php(934): App\Controllers\utama->login()
 3 SYSTEMPATH\CodeIgniter.php(499): CodeIgniter\CodeIgniter->runController(Object(App\Controllers\utama))
 4 SYSTEMPATH\CodeIgniter.php(368): CodeIgniter\CodeIgniter->handleRequest(null, Object(Config\Cache), false)
 5 FCPATH\index.php(67): CodeIgniter\CodeIgniter->run()
WARNING - 2025-07-26 14:37:06 --> [DEPRECATED] Creation of dynamic property App\Controllers\utama::$db is deprecated in APPPATH\Controllers\BaseController.php on line 56.
 1 SYSTEMPATH\CodeIgniter.php(907): App\Controllers\baseController->initController(Object(CodeIgniter\HTTP\IncomingRequest), Object(CodeIgniter\HTTP\Response), Object(CodeIgniter\Log\Logger))
 2 SYSTEMPATH\CodeIgniter.php(490): CodeIgniter\CodeIgniter->createController()
 3 SYSTEMPATH\CodeIgniter.php(368): CodeIgniter\CodeIgniter->handleRequest(null, Object(Config\Cache), false)
 4 FCPATH\index.php(67): CodeIgniter\CodeIgniter->run()
INFO - 2025-07-26 14:37:06 --> Session: Class initialized using 'CodeIgniter\Session\Handlers\FileHandler' driver.
WARNING - 2025-07-26 14:37:06 --> [DEPRECATED] Creation of dynamic property App\Controllers\utama::$session is deprecated in APPPATH\Controllers\BaseController.php on line 58.
 1 SYSTEMPATH\CodeIgniter.php(907): App\Controllers\baseController->initController(Object(CodeIgniter\HTTP\IncomingRequest), Object(CodeIgniter\HTTP\Response), Object(CodeIgniter\Log\Logger))
 2 SYSTEMPATH\CodeIgniter.php(490): CodeIgniter\CodeIgniter->createController()
 3 SYSTEMPATH\CodeIgniter.php(368): CodeIgniter\CodeIgniter->handleRequest(null, Object(Config\Cache), false)
 4 FCPATH\index.php(67): CodeIgniter\CodeIgniter->run()
WARNING - 2025-07-26 14:37:06 --> [DEPRECATED] Creation of dynamic property CodeIgniter\View\View::$session is deprecated in APPPATH\Views\template\header_v.php on line 2.
 1 SYSTEMPATH\View\View.php(213): include('D:\\xampp\\htdocs\\pos\\app\\Views\\template\\header_v.php')
 2 SYSTEMPATH\View\View.php(216): CodeIgniter\View\View->CodeIgniter\View\{closure}()
 3 SYSTEMPATH\View\View.php(431): CodeIgniter\View\View->render('template/header_v', null, true)
 4 APPPATH\Views\utama_v.php(1): CodeIgniter\View\View->include('template/header_v')
 5 SYSTEMPATH\View\View.php(213): include('D:\\xampp\\htdocs\\pos\\app\\Views\\utama_v.php')
 6 SYSTEMPATH\View\View.php(216): CodeIgniter\View\View->CodeIgniter\View\{closure}()
 7 SYSTEMPATH\Common.php(1184): CodeIgniter\View\View->render('utama_v', [], true)
 8 APPPATH\Controllers\utama.php(19): view('utama_v')
 9 SYSTEMPATH\CodeIgniter.php(934): App\Controllers\utama->index()
10 SYSTEMPATH\CodeIgniter.php(499): CodeIgniter\CodeIgniter->runController(Object(App\Controllers\utama))
11 SYSTEMPATH\CodeIgniter.php(368): CodeIgniter\CodeIgniter->handleRequest(null, Object(Config\Cache), false)
12 FCPATH\index.php(67): CodeIgniter\CodeIgniter->run()
WARNING - 2025-07-26 14:37:06 --> [DEPRECATED] Creation of dynamic property CodeIgniter\View\View::$request is deprecated in APPPATH\Views\template\header_v.php on line 3.
 1 SYSTEMPATH\View\View.php(213): include('D:\\xampp\\htdocs\\pos\\app\\Views\\template\\header_v.php')
 2 SYSTEMPATH\View\View.php(216): CodeIgniter\View\View->CodeIgniter\View\{closure}()
 3 SYSTEMPATH\View\View.php(431): CodeIgniter\View\View->render('template/header_v', null, true)
 4 APPPATH\Views\utama_v.php(1): CodeIgniter\View\View->include('template/header_v')
 5 SYSTEMPATH\View\View.php(213): include('D:\\xampp\\htdocs\\pos\\app\\Views\\utama_v.php')
 6 SYSTEMPATH\View\View.php(216): CodeIgniter\View\View->CodeIgniter\View\{closure}()
 7 SYSTEMPATH\Common.php(1184): CodeIgniter\View\View->render('utama_v', [], true)
 8 APPPATH\Controllers\utama.php(19): view('utama_v')
 9 SYSTEMPATH\CodeIgniter.php(934): App\Controllers\utama->index()
10 SYSTEMPATH\CodeIgniter.php(499): CodeIgniter\CodeIgniter->runController(Object(App\Controllers\utama))
11 SYSTEMPATH\CodeIgniter.php(368): CodeIgniter\CodeIgniter->handleRequest(null, Object(Config\Cache), false)
12 FCPATH\index.php(67): CodeIgniter\CodeIgniter->run()
WARNING - 2025-07-26 14:37:06 --> [DEPRECATED] Creation of dynamic property CodeIgniter\View\View::$db is deprecated in APPPATH\Views\template\header_v.php on line 7.
 1 SYSTEMPATH\View\View.php(213): include('D:\\xampp\\htdocs\\pos\\app\\Views\\template\\header_v.php')
 2 SYSTEMPATH\View\View.php(216): CodeIgniter\View\View->CodeIgniter\View\{closure}()
 3 SYSTEMPATH\View\View.php(431): CodeIgniter\View\View->render('template/header_v', null, true)
 4 APPPATH\Views\utama_v.php(1): CodeIgniter\View\View->include('template/header_v')
 5 SYSTEMPATH\View\View.php(213): include('D:\\xampp\\htdocs\\pos\\app\\Views\\utama_v.php')
 6 SYSTEMPATH\View\View.php(216): CodeIgniter\View\View->CodeIgniter\View\{closure}()
 7 SYSTEMPATH\Common.php(1184): CodeIgniter\View\View->render('utama_v', [], true)
 8 APPPATH\Controllers\utama.php(19): view('utama_v')
 9 SYSTEMPATH\CodeIgniter.php(934): App\Controllers\utama->index()
10 SYSTEMPATH\CodeIgniter.php(499): CodeIgniter\CodeIgniter->runController(Object(App\Controllers\utama))
11 SYSTEMPATH\CodeIgniter.php(368): CodeIgniter\CodeIgniter->handleRequest(null, Object(Config\Cache), false)
12 FCPATH\index.php(67): CodeIgniter\CodeIgniter->run()
WARNING - 2025-07-26 14:37:10 --> [DEPRECATED] Creation of dynamic property App\Controllers\master\mproduct::$db is deprecated in APPPATH\Controllers\BaseController.php on line 56.
 1 SYSTEMPATH\CodeIgniter.php(907): App\Controllers\baseController->initController(Object(CodeIgniter\HTTP\IncomingRequest), Object(CodeIgniter\HTTP\Response), Object(CodeIgniter\Log\Logger))
 2 SYSTEMPATH\CodeIgniter.php(490): CodeIgniter\CodeIgniter->createController()
 3 SYSTEMPATH\CodeIgniter.php(368): CodeIgniter\CodeIgniter->handleRequest(null, Object(Config\Cache), false)
 4 FCPATH\index.php(67): CodeIgniter\CodeIgniter->run()
INFO - 2025-07-26 14:37:10 --> Session: Class initialized using 'CodeIgniter\Session\Handlers\FileHandler' driver.
WARNING - 2025-07-26 14:37:10 --> [DEPRECATED] Creation of dynamic property App\Controllers\master\mproduct::$session is deprecated in APPPATH\Controllers\BaseController.php on line 58.
 1 SYSTEMPATH\CodeIgniter.php(907): App\Controllers\baseController->initController(Object(CodeIgniter\HTTP\IncomingRequest), Object(CodeIgniter\HTTP\Response), Object(CodeIgniter\Log\Logger))
 2 SYSTEMPATH\CodeIgniter.php(490): CodeIgniter\CodeIgniter->createController()
 3 SYSTEMPATH\CodeIgniter.php(368): CodeIgniter\CodeIgniter->handleRequest(null, Object(Config\Cache), false)
 4 FCPATH\index.php(67): CodeIgniter\CodeIgniter->run()
WARNING - 2025-07-26 14:37:10 --> [DEPRECATED] Creation of dynamic property App\Models\master\mproduct_m::$session is deprecated in APPPATH\Models\core_m.php on line 22.
 1 APPPATH\Controllers\master\mproduct.php(21): App\Models\Core_m->__construct()
 2 SYSTEMPATH\CodeIgniter.php(934): App\Controllers\master\mproduct->index()
 3 SYSTEMPATH\CodeIgniter.php(499): CodeIgniter\CodeIgniter->runController(Object(App\Controllers\master\mproduct))
 4 SYSTEMPATH\CodeIgniter.php(368): CodeIgniter\CodeIgniter->handleRequest(null, Object(Config\Cache), false)
 5 FCPATH\index.php(67): CodeIgniter\CodeIgniter->run()
WARNING - 2025-07-26 14:37:10 --> [DEPRECATED] Creation of dynamic property App\Models\master\mproduct_m::$request is deprecated in APPPATH\Models\core_m.php on line 23.
 1 APPPATH\Controllers\master\mproduct.php(21): App\Models\Core_m->__construct()
 2 SYSTEMPATH\CodeIgniter.php(934): App\Controllers\master\mproduct->index()
 3 SYSTEMPATH\CodeIgniter.php(499): CodeIgniter\CodeIgniter->runController(Object(App\Controllers\master\mproduct))
 4 SYSTEMPATH\CodeIgniter.php(368): CodeIgniter\CodeIgniter->handleRequest(null, Object(Config\Cache), false)
 5 FCPATH\index.php(67): CodeIgniter\CodeIgniter->run()
WARNING - 2025-07-26 14:37:10 --> [DEPRECATED] Creation of dynamic property CodeIgniter\View\View::$session is deprecated in APPPATH\Views\template\header_v.php on line 2.
 1 SYSTEMPATH\View\View.php(213): include('D:\\xampp\\htdocs\\pos\\app\\Views\\template\\header_v.php')
 2 SYSTEMPATH\View\View.php(216): CodeIgniter\View\View->CodeIgniter\View\{closure}()
 3 SYSTEMPATH\View\View.php(431): CodeIgniter\View\View->render('template/header_v', null, true)
 4 APPPATH\Views\master\mproduct_v.php(1): CodeIgniter\View\View->include('template/header_v')
 5 SYSTEMPATH\View\View.php(213): include('D:\\xampp\\htdocs\\pos\\app\\Views\\master\\mproduct_v.php')
 6 SYSTEMPATH\View\View.php(216): CodeIgniter\View\View->CodeIgniter\View\{closure}()
 7 SYSTEMPATH\Common.php(1184): CodeIgniter\View\View->render('master/mproduct_v', [], true)
 8 APPPATH\Controllers\master\mproduct.php(23): view('master/mproduct_v', [...])
 9 SYSTEMPATH\CodeIgniter.php(934): App\Controllers\master\mproduct->index()
10 SYSTEMPATH\CodeIgniter.php(499): CodeIgniter\CodeIgniter->runController(Object(App\Controllers\master\mproduct))
11 SYSTEMPATH\CodeIgniter.php(368): CodeIgniter\CodeIgniter->handleRequest(null, Object(Config\Cache), false)
12 FCPATH\index.php(67): CodeIgniter\CodeIgniter->run()
WARNING - 2025-07-26 14:37:10 --> [DEPRECATED] Creation of dynamic property CodeIgniter\View\View::$request is deprecated in APPPATH\Views\template\header_v.php on line 3.
 1 SYSTEMPATH\View\View.php(213): include('D:\\xampp\\htdocs\\pos\\app\\Views\\template\\header_v.php')
 2 SYSTEMPATH\View\View.php(216): CodeIgniter\View\View->CodeIgniter\View\{closure}()
 3 SYSTEMPATH\View\View.php(431): CodeIgniter\View\View->render('template/header_v', null, true)
 4 APPPATH\Views\master\mproduct_v.php(1): CodeIgniter\View\View->include('template/header_v')
 5 SYSTEMPATH\View\View.php(213): include('D:\\xampp\\htdocs\\pos\\app\\Views\\master\\mproduct_v.php')
 6 SYSTEMPATH\View\View.php(216): CodeIgniter\View\View->CodeIgniter\View\{closure}()
 7 SYSTEMPATH\Common.php(1184): CodeIgniter\View\View->render('master/mproduct_v', [], true)
 8 APPPATH\Controllers\master\mproduct.php(23): view('master/mproduct_v', [...])
 9 SYSTEMPATH\CodeIgniter.php(934): App\Controllers\master\mproduct->index()
10 SYSTEMPATH\CodeIgniter.php(499): CodeIgniter\CodeIgniter->runController(Object(App\Controllers\master\mproduct))
11 SYSTEMPATH\CodeIgniter.php(368): CodeIgniter\CodeIgniter->handleRequest(null, Object(Config\Cache), false)
12 FCPATH\index.php(67): CodeIgniter\CodeIgniter->run()
WARNING - 2025-07-26 14:37:10 --> [DEPRECATED] Creation of dynamic property CodeIgniter\View\View::$db is deprecated in APPPATH\Views\template\header_v.php on line 7.
 1 SYSTEMPATH\View\View.php(213): include('D:\\xampp\\htdocs\\pos\\app\\Views\\template\\header_v.php')
 2 SYSTEMPATH\View\View.php(216): CodeIgniter\View\View->CodeIgniter\View\{closure}()
 3 SYSTEMPATH\View\View.php(431): CodeIgniter\View\View->render('template/header_v', null, true)
 4 APPPATH\Views\master\mproduct_v.php(1): CodeIgniter\View\View->include('template/header_v')
 5 SYSTEMPATH\View\View.php(213): include('D:\\xampp\\htdocs\\pos\\app\\Views\\master\\mproduct_v.php')
 6 SYSTEMPATH\View\View.php(216): CodeIgniter\View\View->CodeIgniter\View\{closure}()
 7 SYSTEMPATH\Common.php(1184): CodeIgniter\View\View->render('master/mproduct_v', [], true)
 8 APPPATH\Controllers\master\mproduct.php(23): view('master/mproduct_v', [...])
 9 SYSTEMPATH\CodeIgniter.php(934): App\Controllers\master\mproduct->index()
10 SYSTEMPATH\CodeIgniter.php(499): CodeIgniter\CodeIgniter->runController(Object(App\Controllers\master\mproduct))
11 SYSTEMPATH\CodeIgniter.php(368): CodeIgniter\CodeIgniter->handleRequest(null, Object(Config\Cache), false)
12 FCPATH\index.php(67): CodeIgniter\CodeIgniter->run()
WARNING - 2025-07-26 22:07:45 --> [DEPRECATED] Creation of dynamic property App\Controllers\utama::$db is deprecated in APPPATH\Controllers\BaseController.php on line 56.
 1 SYSTEMPATH\CodeIgniter.php(907): App\Controllers\baseController->initController(Object(CodeIgniter\HTTP\IncomingRequest), Object(CodeIgniter\HTTP\Response), Object(CodeIgniter\Log\Logger))
 2 SYSTEMPATH\CodeIgniter.php(490): CodeIgniter\CodeIgniter->createController()
 3 SYSTEMPATH\CodeIgniter.php(368): CodeIgniter\CodeIgniter->handleRequest(null, Object(Config\Cache), false)
 4 FCPATH\index.php(67): CodeIgniter\CodeIgniter->run()
INFO - 2025-07-26 22:07:45 --> Session: Class initialized using 'CodeIgniter\Session\Handlers\FileHandler' driver.
WARNING - 2025-07-26 22:07:45 --> [DEPRECATED] Creation of dynamic property App\Controllers\utama::$session is deprecated in APPPATH\Controllers\BaseController.php on line 58.
 1 SYSTEMPATH\CodeIgniter.php(907): App\Controllers\baseController->initController(Object(CodeIgniter\HTTP\IncomingRequest), Object(CodeIgniter\HTTP\Response), Object(CodeIgniter\Log\Logger))
 2 SYSTEMPATH\CodeIgniter.php(490): CodeIgniter\CodeIgniter->createController()
 3 SYSTEMPATH\CodeIgniter.php(368): CodeIgniter\CodeIgniter->handleRequest(null, Object(Config\Cache), false)
 4 FCPATH\index.php(67): CodeIgniter\CodeIgniter->run()
WARNING - 2025-07-26 22:07:46 --> [DEPRECATED] Creation of dynamic property App\Controllers\utama::$db is deprecated in APPPATH\Controllers\BaseController.php on line 56.
 1 SYSTEMPATH\CodeIgniter.php(907): App\Controllers\baseController->initController(Object(CodeIgniter\HTTP\IncomingRequest), Object(CodeIgniter\HTTP\Response), Object(CodeIgniter\Log\Logger))
 2 SYSTEMPATH\CodeIgniter.php(490): CodeIgniter\CodeIgniter->createController()
 3 SYSTEMPATH\CodeIgniter.php(368): CodeIgniter\CodeIgniter->handleRequest(null, Object(Config\Cache), false)
 4 FCPATH\index.php(67): CodeIgniter\CodeIgniter->run()
INFO - 2025-07-26 22:07:46 --> Session: Class initialized using 'CodeIgniter\Session\Handlers\FileHandler' driver.
WARNING - 2025-07-26 22:07:46 --> [DEPRECATED] Creation of dynamic property App\Controllers\utama::$session is deprecated in APPPATH\Controllers\BaseController.php on line 58.
 1 SYSTEMPATH\CodeIgniter.php(907): App\Controllers\baseController->initController(Object(CodeIgniter\HTTP\IncomingRequest), Object(CodeIgniter\HTTP\Response), Object(CodeIgniter\Log\Logger))
 2 SYSTEMPATH\CodeIgniter.php(490): CodeIgniter\CodeIgniter->createController()
 3 SYSTEMPATH\CodeIgniter.php(368): CodeIgniter\CodeIgniter->handleRequest(null, Object(Config\Cache), false)
 4 FCPATH\index.php(67): CodeIgniter\CodeIgniter->run()
WARNING - 2025-07-26 22:07:46 --> [DEPRECATED] Creation of dynamic property CodeIgniter\View\View::$session is deprecated in APPPATH\Views\template\header_v.php on line 2.
 1 SYSTEMPATH\View\View.php(213): include('D:\\xampp\\htdocs\\pos\\app\\Views\\template\\header_v.php')
 2 SYSTEMPATH\View\View.php(216): CodeIgniter\View\View->CodeIgniter\View\{closure}()
 3 SYSTEMPATH\View\View.php(431): CodeIgniter\View\View->render('template/header_v', null, true)
 4 APPPATH\Views\utama_v.php(1): CodeIgniter\View\View->include('template/header_v')
 5 SYSTEMPATH\View\View.php(213): include('D:\\xampp\\htdocs\\pos\\app\\Views\\utama_v.php')
 6 SYSTEMPATH\View\View.php(216): CodeIgniter\View\View->CodeIgniter\View\{closure}()
 7 SYSTEMPATH\Common.php(1184): CodeIgniter\View\View->render('utama_v', [], true)
 8 APPPATH\Controllers\utama.php(19): view('utama_v')
 9 SYSTEMPATH\CodeIgniter.php(934): App\Controllers\utama->index()
10 SYSTEMPATH\CodeIgniter.php(499): CodeIgniter\CodeIgniter->runController(Object(App\Controllers\utama))
11 SYSTEMPATH\CodeIgniter.php(368): CodeIgniter\CodeIgniter->handleRequest(null, Object(Config\Cache), false)
12 FCPATH\index.php(67): CodeIgniter\CodeIgniter->run()
WARNING - 2025-07-26 22:07:46 --> [DEPRECATED] Creation of dynamic property CodeIgniter\View\View::$request is deprecated in APPPATH\Views\template\header_v.php on line 3.
 1 SYSTEMPATH\View\View.php(213): include('D:\\xampp\\htdocs\\pos\\app\\Views\\template\\header_v.php')
 2 SYSTEMPATH\View\View.php(216): CodeIgniter\View\View->CodeIgniter\View\{closure}()
 3 SYSTEMPATH\View\View.php(431): CodeIgniter\View\View->render('template/header_v', null, true)
 4 APPPATH\Views\utama_v.php(1): CodeIgniter\View\View->include('template/header_v')
 5 SYSTEMPATH\View\View.php(213): include('D:\\xampp\\htdocs\\pos\\app\\Views\\utama_v.php')
 6 SYSTEMPATH\View\View.php(216): CodeIgniter\View\View->CodeIgniter\View\{closure}()
 7 SYSTEMPATH\Common.php(1184): CodeIgniter\View\View->render('utama_v', [], true)
 8 APPPATH\Controllers\utama.php(19): view('utama_v')
 9 SYSTEMPATH\CodeIgniter.php(934): App\Controllers\utama->index()
10 SYSTEMPATH\CodeIgniter.php(499): CodeIgniter\CodeIgniter->runController(Object(App\Controllers\utama))
11 SYSTEMPATH\CodeIgniter.php(368): CodeIgniter\CodeIgniter->handleRequest(null, Object(Config\Cache), false)
12 FCPATH\index.php(67): CodeIgniter\CodeIgniter->run()
WARNING - 2025-07-26 22:07:46 --> [DEPRECATED] Creation of dynamic property CodeIgniter\View\View::$db is deprecated in APPPATH\Views\template\header_v.php on line 7.
 1 SYSTEMPATH\View\View.php(213): include('D:\\xampp\\htdocs\\pos\\app\\Views\\template\\header_v.php')
 2 SYSTEMPATH\View\View.php(216): CodeIgniter\View\View->CodeIgniter\View\{closure}()
 3 SYSTEMPATH\View\View.php(431): CodeIgniter\View\View->render('template/header_v', null, true)
 4 APPPATH\Views\utama_v.php(1): CodeIgniter\View\View->include('template/header_v')
 5 SYSTEMPATH\View\View.php(213): include('D:\\xampp\\htdocs\\pos\\app\\Views\\utama_v.php')
 6 SYSTEMPATH\View\View.php(216): CodeIgniter\View\View->CodeIgniter\View\{closure}()
 7 SYSTEMPATH\Common.php(1184): CodeIgniter\View\View->render('utama_v', [], true)
 8 APPPATH\Controllers\utama.php(19): view('utama_v')
 9 SYSTEMPATH\CodeIgniter.php(934): App\Controllers\utama->index()
10 SYSTEMPATH\CodeIgniter.php(499): CodeIgniter\CodeIgniter->runController(Object(App\Controllers\utama))
11 SYSTEMPATH\CodeIgniter.php(368): CodeIgniter\CodeIgniter->handleRequest(null, Object(Config\Cache), false)
12 FCPATH\index.php(67): CodeIgniter\CodeIgniter->run()
WARNING - 2025-07-26 22:07:46 --> [DEPRECATED] Creation of dynamic property App\Controllers\utama::$db is deprecated in APPPATH\Controllers\BaseController.php on line 56.
 1 SYSTEMPATH\CodeIgniter.php(907): App\Controllers\baseController->initController(Object(CodeIgniter\HTTP\IncomingRequest), Object(CodeIgniter\HTTP\Response), Object(CodeIgniter\Log\Logger))
 2 SYSTEMPATH\CodeIgniter.php(490): CodeIgniter\CodeIgniter->createController()
 3 SYSTEMPATH\CodeIgniter.php(368): CodeIgniter\CodeIgniter->handleRequest(null, Object(Config\Cache), false)
 4 FCPATH\index.php(67): CodeIgniter\CodeIgniter->run()
INFO - 2025-07-26 22:07:46 --> Session: Class initialized using 'CodeIgniter\Session\Handlers\FileHandler' driver.
WARNING - 2025-07-26 22:07:46 --> [DEPRECATED] Creation of dynamic property App\Controllers\utama::$session is deprecated in APPPATH\Controllers\BaseController.php on line 58.
 1 SYSTEMPATH\CodeIgniter.php(907): App\Controllers\baseController->initController(Object(CodeIgniter\HTTP\IncomingRequest), Object(CodeIgniter\HTTP\Response), Object(CodeIgniter\Log\Logger))
 2 SYSTEMPATH\CodeIgniter.php(490): CodeIgniter\CodeIgniter->createController()
 3 SYSTEMPATH\CodeIgniter.php(368): CodeIgniter\CodeIgniter->handleRequest(null, Object(Config\Cache), false)
 4 FCPATH\index.php(67): CodeIgniter\CodeIgniter->run()
WARNING - 2025-07-26 22:07:46 --> [DEPRECATED] Creation of dynamic property App\Models\login_m::$session is deprecated in APPPATH\Models\core_m.php on line 22.
 1 APPPATH\Controllers\utama.php(31): App\Models\Core_m->__construct()
 2 SYSTEMPATH\CodeIgniter.php(934): App\Controllers\utama->login()
 3 SYSTEMPATH\CodeIgniter.php(499): CodeIgniter\CodeIgniter->runController(Object(App\Controllers\utama))
 4 SYSTEMPATH\CodeIgniter.php(368): CodeIgniter\CodeIgniter->handleRequest(null, Object(Config\Cache), false)
 5 FCPATH\index.php(67): CodeIgniter\CodeIgniter->run()
WARNING - 2025-07-26 22:07:46 --> [DEPRECATED] Creation of dynamic property App\Models\login_m::$request is deprecated in APPPATH\Models\core_m.php on line 23.
 1 APPPATH\Controllers\utama.php(31): App\Models\Core_m->__construct()
 2 SYSTEMPATH\CodeIgniter.php(934): App\Controllers\utama->login()
 3 SYSTEMPATH\CodeIgniter.php(499): CodeIgniter\CodeIgniter->runController(Object(App\Controllers\utama))
 4 SYSTEMPATH\CodeIgniter.php(368): CodeIgniter\CodeIgniter->handleRequest(null, Object(Config\Cache), false)
 5 FCPATH\index.php(67): CodeIgniter\CodeIgniter->run()
WARNING - 2025-07-26 22:07:46 --> [DEPRECATED] Creation of dynamic property CodeIgniter\View\View::$session is deprecated in APPPATH\Views\login_v.php on line 147.
 1 SYSTEMPATH\View\View.php(213): include('D:\\xampp\\htdocs\\pos\\app\\Views\\login_v.php')
 2 SYSTEMPATH\View\View.php(216): CodeIgniter\View\View->CodeIgniter\View\{closure}()
 3 SYSTEMPATH\Common.php(1184): CodeIgniter\View\View->render('login_v', [], true)
 4 APPPATH\Controllers\utama.php(40): view('login_v', [...])
 5 SYSTEMPATH\CodeIgniter.php(934): App\Controllers\utama->login()
 6 SYSTEMPATH\CodeIgniter.php(499): CodeIgniter\CodeIgniter->runController(Object(App\Controllers\utama))
 7 SYSTEMPATH\CodeIgniter.php(368): CodeIgniter\CodeIgniter->handleRequest(null, Object(Config\Cache), false)
 8 FCPATH\index.php(67): CodeIgniter\CodeIgniter->run()
WARNING - 2025-07-26 22:08:56 --> [DEPRECATED] Creation of dynamic property App\Controllers\utama::$db is deprecated in APPPATH\Controllers\BaseController.php on line 56.
 1 SYSTEMPATH\CodeIgniter.php(907): App\Controllers\baseController->initController(Object(CodeIgniter\HTTP\IncomingRequest), Object(CodeIgniter\HTTP\Response), Object(CodeIgniter\Log\Logger))
 2 SYSTEMPATH\CodeIgniter.php(490): CodeIgniter\CodeIgniter->createController()
 3 SYSTEMPATH\CodeIgniter.php(368): CodeIgniter\CodeIgniter->handleRequest(null, Object(Config\Cache), false)
 4 FCPATH\index.php(67): CodeIgniter\CodeIgniter->run()
INFO - 2025-07-26 22:08:56 --> Session: Class initialized using 'CodeIgniter\Session\Handlers\FileHandler' driver.
WARNING - 2025-07-26 22:08:56 --> [DEPRECATED] Creation of dynamic property App\Controllers\utama::$session is deprecated in APPPATH\Controllers\BaseController.php on line 58.
 1 SYSTEMPATH\CodeIgniter.php(907): App\Controllers\baseController->initController(Object(CodeIgniter\HTTP\IncomingRequest), Object(CodeIgniter\HTTP\Response), Object(CodeIgniter\Log\Logger))
 2 SYSTEMPATH\CodeIgniter.php(490): CodeIgniter\CodeIgniter->createController()
 3 SYSTEMPATH\CodeIgniter.php(368): CodeIgniter\CodeIgniter->handleRequest(null, Object(Config\Cache), false)
 4 FCPATH\index.php(67): CodeIgniter\CodeIgniter->run()
WARNING - 2025-07-26 22:08:58 --> [DEPRECATED] Creation of dynamic property App\Controllers\utama::$db is deprecated in APPPATH\Controllers\BaseController.php on line 56.
 1 SYSTEMPATH\CodeIgniter.php(907): App\Controllers\baseController->initController(Object(CodeIgniter\HTTP\IncomingRequest), Object(CodeIgniter\HTTP\Response), Object(CodeIgniter\Log\Logger))
 2 SYSTEMPATH\CodeIgniter.php(490): CodeIgniter\CodeIgniter->createController()
 3 SYSTEMPATH\CodeIgniter.php(368): CodeIgniter\CodeIgniter->handleRequest(null, Object(Config\Cache), false)
 4 FCPATH\index.php(67): CodeIgniter\CodeIgniter->run()
INFO - 2025-07-26 22:08:58 --> Session: Class initialized using 'CodeIgniter\Session\Handlers\FileHandler' driver.
WARNING - 2025-07-26 22:08:58 --> [DEPRECATED] Creation of dynamic property App\Controllers\utama::$session is deprecated in APPPATH\Controllers\BaseController.php on line 58.
 1 SYSTEMPATH\CodeIgniter.php(907): App\Controllers\baseController->initController(Object(CodeIgniter\HTTP\IncomingRequest), Object(CodeIgniter\HTTP\Response), Object(CodeIgniter\Log\Logger))
 2 SYSTEMPATH\CodeIgniter.php(490): CodeIgniter\CodeIgniter->createController()
 3 SYSTEMPATH\CodeIgniter.php(368): CodeIgniter\CodeIgniter->handleRequest(null, Object(Config\Cache), false)
 4 FCPATH\index.php(67): CodeIgniter\CodeIgniter->run()
WARNING - 2025-07-26 22:08:58 --> [DEPRECATED] Creation of dynamic property CodeIgniter\View\View::$session is deprecated in APPPATH\Views\template\header_v.php on line 2.
 1 SYSTEMPATH\View\View.php(213): include('D:\\xampp\\htdocs\\pos\\app\\Views\\template\\header_v.php')
 2 SYSTEMPATH\View\View.php(216): CodeIgniter\View\View->CodeIgniter\View\{closure}()
 3 SYSTEMPATH\View\View.php(431): CodeIgniter\View\View->render('template/header_v', null, true)
 4 APPPATH\Views\utama_v.php(1): CodeIgniter\View\View->include('template/header_v')
 5 SYSTEMPATH\View\View.php(213): include('D:\\xampp\\htdocs\\pos\\app\\Views\\utama_v.php')
 6 SYSTEMPATH\View\View.php(216): CodeIgniter\View\View->CodeIgniter\View\{closure}()
 7 SYSTEMPATH\Common.php(1184): CodeIgniter\View\View->render('utama_v', [], true)
 8 APPPATH\Controllers\utama.php(19): view('utama_v')
 9 SYSTEMPATH\CodeIgniter.php(934): App\Controllers\utama->index()
10 SYSTEMPATH\CodeIgniter.php(499): CodeIgniter\CodeIgniter->runController(Object(App\Controllers\utama))
11 SYSTEMPATH\CodeIgniter.php(368): CodeIgniter\CodeIgniter->handleRequest(null, Object(Config\Cache), false)
12 FCPATH\index.php(67): CodeIgniter\CodeIgniter->run()
WARNING - 2025-07-26 22:08:58 --> [DEPRECATED] Creation of dynamic property CodeIgniter\View\View::$request is deprecated in APPPATH\Views\template\header_v.php on line 3.
 1 SYSTEMPATH\View\View.php(213): include('D:\\xampp\\htdocs\\pos\\app\\Views\\template\\header_v.php')
 2 SYSTEMPATH\View\View.php(216): CodeIgniter\View\View->CodeIgniter\View\{closure}()
 3 SYSTEMPATH\View\View.php(431): CodeIgniter\View\View->render('template/header_v', null, true)
 4 APPPATH\Views\utama_v.php(1): CodeIgniter\View\View->include('template/header_v')
 5 SYSTEMPATH\View\View.php(213): include('D:\\xampp\\htdocs\\pos\\app\\Views\\utama_v.php')
 6 SYSTEMPATH\View\View.php(216): CodeIgniter\View\View->CodeIgniter\View\{closure}()
 7 SYSTEMPATH\Common.php(1184): CodeIgniter\View\View->render('utama_v', [], true)
 8 APPPATH\Controllers\utama.php(19): view('utama_v')
 9 SYSTEMPATH\CodeIgniter.php(934): App\Controllers\utama->index()
10 SYSTEMPATH\CodeIgniter.php(499): CodeIgniter\CodeIgniter->runController(Object(App\Controllers\utama))
11 SYSTEMPATH\CodeIgniter.php(368): CodeIgniter\CodeIgniter->handleRequest(null, Object(Config\Cache), false)
12 FCPATH\index.php(67): CodeIgniter\CodeIgniter->run()
WARNING - 2025-07-26 22:08:58 --> [DEPRECATED] Creation of dynamic property CodeIgniter\View\View::$db is deprecated in APPPATH\Views\template\header_v.php on line 7.
 1 SYSTEMPATH\View\View.php(213): include('D:\\xampp\\htdocs\\pos\\app\\Views\\template\\header_v.php')
 2 SYSTEMPATH\View\View.php(216): CodeIgniter\View\View->CodeIgniter\View\{closure}()
 3 SYSTEMPATH\View\View.php(431): CodeIgniter\View\View->render('template/header_v', null, true)
 4 APPPATH\Views\utama_v.php(1): CodeIgniter\View\View->include('template/header_v')
 5 SYSTEMPATH\View\View.php(213): include('D:\\xampp\\htdocs\\pos\\app\\Views\\utama_v.php')
 6 SYSTEMPATH\View\View.php(216): CodeIgniter\View\View->CodeIgniter\View\{closure}()
 7 SYSTEMPATH\Common.php(1184): CodeIgniter\View\View->render('utama_v', [], true)
 8 APPPATH\Controllers\utama.php(19): view('utama_v')
 9 SYSTEMPATH\CodeIgniter.php(934): App\Controllers\utama->index()
10 SYSTEMPATH\CodeIgniter.php(499): CodeIgniter\CodeIgniter->runController(Object(App\Controllers\utama))
11 SYSTEMPATH\CodeIgniter.php(368): CodeIgniter\CodeIgniter->handleRequest(null, Object(Config\Cache), false)
12 FCPATH\index.php(67): CodeIgniter\CodeIgniter->run()
WARNING - 2025-07-26 22:08:58 --> [DEPRECATED] Creation of dynamic property App\Controllers\utama::$db is deprecated in APPPATH\Controllers\BaseController.php on line 56.
 1 SYSTEMPATH\CodeIgniter.php(907): App\Controllers\baseController->initController(Object(CodeIgniter\HTTP\IncomingRequest), Object(CodeIgniter\HTTP\Response), Object(CodeIgniter\Log\Logger))
 2 SYSTEMPATH\CodeIgniter.php(490): CodeIgniter\CodeIgniter->createController()
 3 SYSTEMPATH\CodeIgniter.php(368): CodeIgniter\CodeIgniter->handleRequest(null, Object(Config\Cache), false)
 4 FCPATH\index.php(67): CodeIgniter\CodeIgniter->run()
INFO - 2025-07-26 22:08:58 --> Session: Class initialized using 'CodeIgniter\Session\Handlers\FileHandler' driver.
WARNING - 2025-07-26 22:08:58 --> [DEPRECATED] Creation of dynamic property App\Controllers\utama::$session is deprecated in APPPATH\Controllers\BaseController.php on line 58.
 1 SYSTEMPATH\CodeIgniter.php(907): App\Controllers\baseController->initController(Object(CodeIgniter\HTTP\IncomingRequest), Object(CodeIgniter\HTTP\Response), Object(CodeIgniter\Log\Logger))
 2 SYSTEMPATH\CodeIgniter.php(490): CodeIgniter\CodeIgniter->createController()
 3 SYSTEMPATH\CodeIgniter.php(368): CodeIgniter\CodeIgniter->handleRequest(null, Object(Config\Cache), false)
 4 FCPATH\index.php(67): CodeIgniter\CodeIgniter->run()
WARNING - 2025-07-26 22:08:58 --> [DEPRECATED] Creation of dynamic property App\Models\login_m::$session is deprecated in APPPATH\Models\core_m.php on line 22.
 1 APPPATH\Controllers\utama.php(31): App\Models\Core_m->__construct()
 2 SYSTEMPATH\CodeIgniter.php(934): App\Controllers\utama->login()
 3 SYSTEMPATH\CodeIgniter.php(499): CodeIgniter\CodeIgniter->runController(Object(App\Controllers\utama))
 4 SYSTEMPATH\CodeIgniter.php(368): CodeIgniter\CodeIgniter->handleRequest(null, Object(Config\Cache), false)
 5 FCPATH\index.php(67): CodeIgniter\CodeIgniter->run()
WARNING - 2025-07-26 22:08:58 --> [DEPRECATED] Creation of dynamic property App\Models\login_m::$request is deprecated in APPPATH\Models\core_m.php on line 23.
 1 APPPATH\Controllers\utama.php(31): App\Models\Core_m->__construct()
 2 SYSTEMPATH\CodeIgniter.php(934): App\Controllers\utama->login()
 3 SYSTEMPATH\CodeIgniter.php(499): CodeIgniter\CodeIgniter->runController(Object(App\Controllers\utama))
 4 SYSTEMPATH\CodeIgniter.php(368): CodeIgniter\CodeIgniter->handleRequest(null, Object(Config\Cache), false)
 5 FCPATH\index.php(67): CodeIgniter\CodeIgniter->run()
WARNING - 2025-07-26 22:08:58 --> [DEPRECATED] Creation of dynamic property CodeIgniter\View\View::$session is deprecated in APPPATH\Views\login_v.php on line 147.
 1 SYSTEMPATH\View\View.php(213): include('D:\\xampp\\htdocs\\pos\\app\\Views\\login_v.php')
 2 SYSTEMPATH\View\View.php(216): CodeIgniter\View\View->CodeIgniter\View\{closure}()
 3 SYSTEMPATH\Common.php(1184): CodeIgniter\View\View->render('login_v', [], true)
 4 APPPATH\Controllers\utama.php(40): view('login_v', [...])
 5 SYSTEMPATH\CodeIgniter.php(934): App\Controllers\utama->login()
 6 SYSTEMPATH\CodeIgniter.php(499): CodeIgniter\CodeIgniter->runController(Object(App\Controllers\utama))
 7 SYSTEMPATH\CodeIgniter.php(368): CodeIgniter\CodeIgniter->handleRequest(null, Object(Config\Cache), false)
 8 FCPATH\index.php(67): CodeIgniter\CodeIgniter->run()
