WARNING - 2024-05-22 07:39:10 --> [DEPRECATED] Creation of dynamic property App\Controllers\utama::$db is deprecated in APPPATH\Controllers\BaseController.php on line 56.
 1 SYSTEMPATH\CodeIgniter.php(907): App\Controllers\baseController->initController(Object(CodeIgniter\HTTP\IncomingRequest), Object(CodeIgniter\HTTP\Response), Object(CodeIgniter\Log\Logger))
 2 SYSTEMPATH\CodeIgniter.php(490): CodeIgniter\CodeIgniter->createController()
 3 SYSTEMPATH\CodeIgniter.php(368): CodeIgniter\CodeIgniter->handleRequest(null, Object(Config\Cache), false)
 4 FCPATH\index.php(67): CodeIgniter\CodeIgniter->run()
INFO - 2024-05-22 07:39:10 --> Session: Class initialized using 'CodeIgniter\Session\Handlers\FileHandler' driver.
WARNING - 2024-05-22 07:39:10 --> [DEPRECATED] Creation of dynamic property App\Controllers\utama::$session is deprecated in APPPATH\Controllers\BaseController.php on line 58.
 1 SYSTEMPATH\CodeIgniter.php(907): App\Controllers\baseController->initController(Object(CodeIgniter\HTTP\IncomingRequest), Object(CodeIgniter\HTTP\Response), Object(CodeIgniter\Log\Logger))
 2 SYSTEMPATH\CodeIgniter.php(490): CodeIgniter\CodeIgniter->createController()
 3 SYSTEMPATH\CodeIgniter.php(368): CodeIgniter\CodeIgniter->handleRequest(null, Object(Config\Cache), false)
 4 FCPATH\index.php(67): CodeIgniter\CodeIgniter->run()
WARNING - 2024-05-22 07:39:10 --> [DEPRECATED] Creation of dynamic property CodeIgniter\View\View::$session is deprecated in APPPATH\Views\template\header_v.php on line 2.
 1 SYSTEMPATH\View\View.php(213): include('D:\\xampp\\htdocs\\pos\\app\\Views\\template\\header_v.php')
 2 SYSTEMPATH\View\View.php(216): CodeIgniter\View\View->CodeIgniter\View\{closure}()
 3 SYSTEMPATH\View\View.php(431): CodeIgniter\View\View->render('template/header_v', null, true)
 4 APPPATH\Views\utama_v.php(1): CodeIgniter\View\View->include('template/header_v')
 5 SYSTEMPATH\View\View.php(213): include('D:\\xampp\\htdocs\\pos\\app\\Views\\utama_v.php')
 6 SYSTEMPATH\View\View.php(216): CodeIgniter\View\View->CodeIgniter\View\{closure}()
 7 SYSTEMPATH\Common.php(1184): CodeIgniter\View\View->render('utama_v', [], true)
 8 APPPATH\Controllers\utama.php(19): view('utama_v')
 9 SYSTEMPATH\CodeIgniter.php(934): App\Controllers\utama->index()
10 SYSTEMPATH\CodeIgniter.php(499): CodeIgniter\CodeIgniter->runController(Object(App\Controllers\utama))
11 SYSTEMPATH\CodeIgniter.php(368): CodeIgniter\CodeIgniter->handleRequest(null, Object(Config\Cache), false)
12 FCPATH\index.php(67): CodeIgniter\CodeIgniter->run()
WARNING - 2024-05-22 07:39:10 --> [DEPRECATED] Creation of dynamic property CodeIgniter\View\View::$request is deprecated in APPPATH\Views\template\header_v.php on line 3.
 1 SYSTEMPATH\View\View.php(213): include('D:\\xampp\\htdocs\\pos\\app\\Views\\template\\header_v.php')
 2 SYSTEMPATH\View\View.php(216): CodeIgniter\View\View->CodeIgniter\View\{closure}()
 3 SYSTEMPATH\View\View.php(431): CodeIgniter\View\View->render('template/header_v', null, true)
 4 APPPATH\Views\utama_v.php(1): CodeIgniter\View\View->include('template/header_v')
 5 SYSTEMPATH\View\View.php(213): include('D:\\xampp\\htdocs\\pos\\app\\Views\\utama_v.php')
 6 SYSTEMPATH\View\View.php(216): CodeIgniter\View\View->CodeIgniter\View\{closure}()
 7 SYSTEMPATH\Common.php(1184): CodeIgniter\View\View->render('utama_v', [], true)
 8 APPPATH\Controllers\utama.php(19): view('utama_v')
 9 SYSTEMPATH\CodeIgniter.php(934): App\Controllers\utama->index()
10 SYSTEMPATH\CodeIgniter.php(499): CodeIgniter\CodeIgniter->runController(Object(App\Controllers\utama))
11 SYSTEMPATH\CodeIgniter.php(368): CodeIgniter\CodeIgniter->handleRequest(null, Object(Config\Cache), false)
12 FCPATH\index.php(67): CodeIgniter\CodeIgniter->run()
WARNING - 2024-05-22 07:39:10 --> [DEPRECATED] Creation of dynamic property CodeIgniter\View\View::$db is deprecated in APPPATH\Views\template\header_v.php on line 7.
 1 SYSTEMPATH\View\View.php(213): include('D:\\xampp\\htdocs\\pos\\app\\Views\\template\\header_v.php')
 2 SYSTEMPATH\View\View.php(216): CodeIgniter\View\View->CodeIgniter\View\{closure}()
 3 SYSTEMPATH\View\View.php(431): CodeIgniter\View\View->render('template/header_v', null, true)
 4 APPPATH\Views\utama_v.php(1): CodeIgniter\View\View->include('template/header_v')
 5 SYSTEMPATH\View\View.php(213): include('D:\\xampp\\htdocs\\pos\\app\\Views\\utama_v.php')
 6 SYSTEMPATH\View\View.php(216): CodeIgniter\View\View->CodeIgniter\View\{closure}()
 7 SYSTEMPATH\Common.php(1184): CodeIgniter\View\View->render('utama_v', [], true)
 8 APPPATH\Controllers\utama.php(19): view('utama_v')
 9 SYSTEMPATH\CodeIgniter.php(934): App\Controllers\utama->index()
10 SYSTEMPATH\CodeIgniter.php(499): CodeIgniter\CodeIgniter->runController(Object(App\Controllers\utama))
11 SYSTEMPATH\CodeIgniter.php(368): CodeIgniter\CodeIgniter->handleRequest(null, Object(Config\Cache), false)
12 FCPATH\index.php(67): CodeIgniter\CodeIgniter->run()
WARNING - 2024-05-22 07:39:11 --> [DEPRECATED] Creation of dynamic property App\Controllers\utama::$db is deprecated in APPPATH\Controllers\BaseController.php on line 56.
 1 SYSTEMPATH\CodeIgniter.php(907): App\Controllers\baseController->initController(Object(CodeIgniter\HTTP\IncomingRequest), Object(CodeIgniter\HTTP\Response), Object(CodeIgniter\Log\Logger))
 2 SYSTEMPATH\CodeIgniter.php(490): CodeIgniter\CodeIgniter->createController()
 3 SYSTEMPATH\CodeIgniter.php(368): CodeIgniter\CodeIgniter->handleRequest(null, Object(Config\Cache), false)
 4 FCPATH\index.php(67): CodeIgniter\CodeIgniter->run()
INFO - 2024-05-22 07:39:11 --> Session: Class initialized using 'CodeIgniter\Session\Handlers\FileHandler' driver.
WARNING - 2024-05-22 07:39:11 --> [DEPRECATED] Creation of dynamic property App\Controllers\utama::$session is deprecated in APPPATH\Controllers\BaseController.php on line 58.
 1 SYSTEMPATH\CodeIgniter.php(907): App\Controllers\baseController->initController(Object(CodeIgniter\HTTP\IncomingRequest), Object(CodeIgniter\HTTP\Response), Object(CodeIgniter\Log\Logger))
 2 SYSTEMPATH\CodeIgniter.php(490): CodeIgniter\CodeIgniter->createController()
 3 SYSTEMPATH\CodeIgniter.php(368): CodeIgniter\CodeIgniter->handleRequest(null, Object(Config\Cache), false)
 4 FCPATH\index.php(67): CodeIgniter\CodeIgniter->run()
WARNING - 2024-05-22 07:39:11 --> [DEPRECATED] Creation of dynamic property App\Models\login_m::$session is deprecated in APPPATH\Models\core_m.php on line 22.
 1 APPPATH\Controllers\utama.php(31): App\Models\Core_m->__construct()
 2 SYSTEMPATH\CodeIgniter.php(934): App\Controllers\utama->login()
 3 SYSTEMPATH\CodeIgniter.php(499): CodeIgniter\CodeIgniter->runController(Object(App\Controllers\utama))
 4 SYSTEMPATH\CodeIgniter.php(368): CodeIgniter\CodeIgniter->handleRequest(null, Object(Config\Cache), false)
 5 FCPATH\index.php(67): CodeIgniter\CodeIgniter->run()
WARNING - 2024-05-22 07:39:11 --> [DEPRECATED] Creation of dynamic property App\Models\login_m::$request is deprecated in APPPATH\Models\core_m.php on line 23.
 1 APPPATH\Controllers\utama.php(31): App\Models\Core_m->__construct()
 2 SYSTEMPATH\CodeIgniter.php(934): App\Controllers\utama->login()
 3 SYSTEMPATH\CodeIgniter.php(499): CodeIgniter\CodeIgniter->runController(Object(App\Controllers\utama))
 4 SYSTEMPATH\CodeIgniter.php(368): CodeIgniter\CodeIgniter->handleRequest(null, Object(Config\Cache), false)
 5 FCPATH\index.php(67): CodeIgniter\CodeIgniter->run()
WARNING - 2024-05-22 07:39:11 --> [DEPRECATED] Creation of dynamic property CodeIgniter\View\View::$session is deprecated in APPPATH\Views\login_v.php on line 147.
 1 SYSTEMPATH\View\View.php(213): include('D:\\xampp\\htdocs\\pos\\app\\Views\\login_v.php')
 2 SYSTEMPATH\View\View.php(216): CodeIgniter\View\View->CodeIgniter\View\{closure}()
 3 SYSTEMPATH\Common.php(1184): CodeIgniter\View\View->render('login_v', [], true)
 4 APPPATH\Controllers\utama.php(40): view('login_v', [...])
 5 SYSTEMPATH\CodeIgniter.php(934): App\Controllers\utama->login()
 6 SYSTEMPATH\CodeIgniter.php(499): CodeIgniter\CodeIgniter->runController(Object(App\Controllers\utama))
 7 SYSTEMPATH\CodeIgniter.php(368): CodeIgniter\CodeIgniter->handleRequest(null, Object(Config\Cache), false)
 8 FCPATH\index.php(67): CodeIgniter\CodeIgniter->run()
WARNING - 2024-05-22 07:39:20 --> [DEPRECATED] Creation of dynamic property App\Controllers\utama::$db is deprecated in APPPATH\Controllers\BaseController.php on line 56.
 1 SYSTEMPATH\CodeIgniter.php(907): App\Controllers\baseController->initController(Object(CodeIgniter\HTTP\IncomingRequest), Object(CodeIgniter\HTTP\Response), Object(CodeIgniter\Log\Logger))
 2 SYSTEMPATH\CodeIgniter.php(490): CodeIgniter\CodeIgniter->createController()
 3 SYSTEMPATH\CodeIgniter.php(368): CodeIgniter\CodeIgniter->handleRequest(null, Object(Config\Cache), false)
 4 FCPATH\index.php(67): CodeIgniter\CodeIgniter->run()
WARNING - 2024-05-22 07:39:20 --> [DEPRECATED] Creation of dynamic property App\Controllers\utama::$db is deprecated in APPPATH\Controllers\BaseController.php on line 56.
 1 SYSTEMPATH\CodeIgniter.php(907): App\Controllers\baseController->initController(Object(CodeIgniter\HTTP\IncomingRequest), Object(CodeIgniter\HTTP\Response), Object(CodeIgniter\Log\Logger))
 2 SYSTEMPATH\CodeIgniter.php(490): CodeIgniter\CodeIgniter->createController()
 3 SYSTEMPATH\CodeIgniter.php(368): CodeIgniter\CodeIgniter->handleRequest(null, Object(Config\Cache), false)
 4 FCPATH\index.php(67): CodeIgniter\CodeIgniter->run()
INFO - 2024-05-22 07:39:20 --> Session: Class initialized using 'CodeIgniter\Session\Handlers\FileHandler' driver.
WARNING - 2024-05-22 07:39:20 --> [DEPRECATED] Creation of dynamic property App\Controllers\utama::$session is deprecated in APPPATH\Controllers\BaseController.php on line 58.
 1 SYSTEMPATH\CodeIgniter.php(907): App\Controllers\baseController->initController(Object(CodeIgniter\HTTP\IncomingRequest), Object(CodeIgniter\HTTP\Response), Object(CodeIgniter\Log\Logger))
 2 SYSTEMPATH\CodeIgniter.php(490): CodeIgniter\CodeIgniter->createController()
 3 SYSTEMPATH\CodeIgniter.php(368): CodeIgniter\CodeIgniter->handleRequest(null, Object(Config\Cache), false)
 4 FCPATH\index.php(67): CodeIgniter\CodeIgniter->run()
WARNING - 2024-05-22 07:39:20 --> [DEPRECATED] Creation of dynamic property App\Models\login_m::$session is deprecated in APPPATH\Models\core_m.php on line 22.
 1 APPPATH\Controllers\utama.php(31): App\Models\Core_m->__construct()
 2 SYSTEMPATH\CodeIgniter.php(934): App\Controllers\utama->login()
 3 SYSTEMPATH\CodeIgniter.php(499): CodeIgniter\CodeIgniter->runController(Object(App\Controllers\utama))
 4 SYSTEMPATH\CodeIgniter.php(368): CodeIgniter\CodeIgniter->handleRequest(null, Object(Config\Cache), false)
 5 FCPATH\index.php(67): CodeIgniter\CodeIgniter->run()
WARNING - 2024-05-22 07:39:20 --> [DEPRECATED] Creation of dynamic property App\Models\login_m::$request is deprecated in APPPATH\Models\core_m.php on line 23.
 1 APPPATH\Controllers\utama.php(31): App\Models\Core_m->__construct()
 2 SYSTEMPATH\CodeIgniter.php(934): App\Controllers\utama->login()
 3 SYSTEMPATH\CodeIgniter.php(499): CodeIgniter\CodeIgniter->runController(Object(App\Controllers\utama))
 4 SYSTEMPATH\CodeIgniter.php(368): CodeIgniter\CodeIgniter->handleRequest(null, Object(Config\Cache), false)
 5 FCPATH\index.php(67): CodeIgniter\CodeIgniter->run()
WARNING - 2024-05-22 07:39:20 --> [DEPRECATED] Creation of dynamic property App\Controllers\utama::$db is deprecated in APPPATH\Controllers\BaseController.php on line 56.
 1 SYSTEMPATH\CodeIgniter.php(907): App\Controllers\baseController->initController(Object(CodeIgniter\HTTP\IncomingRequest), Object(CodeIgniter\HTTP\Response), Object(CodeIgniter\Log\Logger))
 2 SYSTEMPATH\CodeIgniter.php(490): CodeIgniter\CodeIgniter->createController()
 3 SYSTEMPATH\CodeIgniter.php(368): CodeIgniter\CodeIgniter->handleRequest(null, Object(Config\Cache), false)
 4 FCPATH\index.php(67): CodeIgniter\CodeIgniter->run()
INFO - 2024-05-22 07:39:20 --> Session: Class initialized using 'CodeIgniter\Session\Handlers\FileHandler' driver.
WARNING - 2024-05-22 07:39:20 --> [DEPRECATED] Creation of dynamic property App\Controllers\utama::$session is deprecated in APPPATH\Controllers\BaseController.php on line 58.
 1 SYSTEMPATH\CodeIgniter.php(907): App\Controllers\baseController->initController(Object(CodeIgniter\HTTP\IncomingRequest), Object(CodeIgniter\HTTP\Response), Object(CodeIgniter\Log\Logger))
 2 SYSTEMPATH\CodeIgniter.php(490): CodeIgniter\CodeIgniter->createController()
 3 SYSTEMPATH\CodeIgniter.php(368): CodeIgniter\CodeIgniter->handleRequest(null, Object(Config\Cache), false)
 4 FCPATH\index.php(67): CodeIgniter\CodeIgniter->run()
WARNING - 2024-05-22 07:39:20 --> [DEPRECATED] Creation of dynamic property App\Models\login_m::$session is deprecated in APPPATH\Models\core_m.php on line 22.
 1 APPPATH\Controllers\utama.php(31): App\Models\Core_m->__construct()
 2 SYSTEMPATH\CodeIgniter.php(934): App\Controllers\utama->login()
 3 SYSTEMPATH\CodeIgniter.php(499): CodeIgniter\CodeIgniter->runController(Object(App\Controllers\utama))
 4 SYSTEMPATH\CodeIgniter.php(368): CodeIgniter\CodeIgniter->handleRequest(null, Object(Config\Cache), false)
 5 FCPATH\index.php(67): CodeIgniter\CodeIgniter->run()
WARNING - 2024-05-22 07:39:20 --> [DEPRECATED] Creation of dynamic property App\Models\login_m::$request is deprecated in APPPATH\Models\core_m.php on line 23.
 1 APPPATH\Controllers\utama.php(31): App\Models\Core_m->__construct()
 2 SYSTEMPATH\CodeIgniter.php(934): App\Controllers\utama->login()
 3 SYSTEMPATH\CodeIgniter.php(499): CodeIgniter\CodeIgniter->runController(Object(App\Controllers\utama))
 4 SYSTEMPATH\CodeIgniter.php(368): CodeIgniter\CodeIgniter->handleRequest(null, Object(Config\Cache), false)
 5 FCPATH\index.php(67): CodeIgniter\CodeIgniter->run()
INFO - 2024-05-22 07:39:21 --> Session: Class initialized using 'CodeIgniter\Session\Handlers\FileHandler' driver.
WARNING - 2024-05-22 07:39:21 --> [DEPRECATED] Creation of dynamic property App\Controllers\utama::$session is deprecated in APPPATH\Controllers\BaseController.php on line 58.
 1 SYSTEMPATH\CodeIgniter.php(907): App\Controllers\baseController->initController(Object(CodeIgniter\HTTP\IncomingRequest), Object(CodeIgniter\HTTP\Response), Object(CodeIgniter\Log\Logger))
 2 SYSTEMPATH\CodeIgniter.php(490): CodeIgniter\CodeIgniter->createController()
 3 SYSTEMPATH\CodeIgniter.php(368): CodeIgniter\CodeIgniter->handleRequest(null, Object(Config\Cache), false)
 4 FCPATH\index.php(67): CodeIgniter\CodeIgniter->run()
WARNING - 2024-05-22 07:39:21 --> [DEPRECATED] Creation of dynamic property App\Models\login_m::$session is deprecated in APPPATH\Models\core_m.php on line 22.
 1 APPPATH\Controllers\utama.php(31): App\Models\Core_m->__construct()
 2 SYSTEMPATH\CodeIgniter.php(934): App\Controllers\utama->login()
 3 SYSTEMPATH\CodeIgniter.php(499): CodeIgniter\CodeIgniter->runController(Object(App\Controllers\utama))
 4 SYSTEMPATH\CodeIgniter.php(368): CodeIgniter\CodeIgniter->handleRequest(null, Object(Config\Cache), false)
 5 FCPATH\index.php(67): CodeIgniter\CodeIgniter->run()
WARNING - 2024-05-22 07:39:21 --> [DEPRECATED] Creation of dynamic property App\Models\login_m::$request is deprecated in APPPATH\Models\core_m.php on line 23.
 1 APPPATH\Controllers\utama.php(31): App\Models\Core_m->__construct()
 2 SYSTEMPATH\CodeIgniter.php(934): App\Controllers\utama->login()
 3 SYSTEMPATH\CodeIgniter.php(499): CodeIgniter\CodeIgniter->runController(Object(App\Controllers\utama))
 4 SYSTEMPATH\CodeIgniter.php(368): CodeIgniter\CodeIgniter->handleRequest(null, Object(Config\Cache), false)
 5 FCPATH\index.php(67): CodeIgniter\CodeIgniter->run()
WARNING - 2024-05-22 07:39:21 --> [DEPRECATED] Creation of dynamic property App\Controllers\utama::$db is deprecated in APPPATH\Controllers\BaseController.php on line 56.
 1 SYSTEMPATH\CodeIgniter.php(907): App\Controllers\baseController->initController(Object(CodeIgniter\HTTP\IncomingRequest), Object(CodeIgniter\HTTP\Response), Object(CodeIgniter\Log\Logger))
 2 SYSTEMPATH\CodeIgniter.php(490): CodeIgniter\CodeIgniter->createController()
 3 SYSTEMPATH\CodeIgniter.php(368): CodeIgniter\CodeIgniter->handleRequest(null, Object(Config\Cache), false)
 4 FCPATH\index.php(67): CodeIgniter\CodeIgniter->run()
INFO - 2024-05-22 07:39:21 --> Session: Class initialized using 'CodeIgniter\Session\Handlers\FileHandler' driver.
WARNING - 2024-05-22 07:39:21 --> [DEPRECATED] Creation of dynamic property App\Controllers\utama::$session is deprecated in APPPATH\Controllers\BaseController.php on line 58.
 1 SYSTEMPATH\CodeIgniter.php(907): App\Controllers\baseController->initController(Object(CodeIgniter\HTTP\IncomingRequest), Object(CodeIgniter\HTTP\Response), Object(CodeIgniter\Log\Logger))
 2 SYSTEMPATH\CodeIgniter.php(490): CodeIgniter\CodeIgniter->createController()
 3 SYSTEMPATH\CodeIgniter.php(368): CodeIgniter\CodeIgniter->handleRequest(null, Object(Config\Cache), false)
 4 FCPATH\index.php(67): CodeIgniter\CodeIgniter->run()
WARNING - 2024-05-22 07:39:21 --> [DEPRECATED] Creation of dynamic property CodeIgniter\View\View::$session is deprecated in APPPATH\Views\template\header_v.php on line 2.
 1 SYSTEMPATH\View\View.php(213): include('D:\\xampp\\htdocs\\pos\\app\\Views\\template\\header_v.php')
 2 SYSTEMPATH\View\View.php(216): CodeIgniter\View\View->CodeIgniter\View\{closure}()
 3 SYSTEMPATH\View\View.php(431): CodeIgniter\View\View->render('template/header_v', null, true)
 4 APPPATH\Views\utama_v.php(1): CodeIgniter\View\View->include('template/header_v')
 5 SYSTEMPATH\View\View.php(213): include('D:\\xampp\\htdocs\\pos\\app\\Views\\utama_v.php')
 6 SYSTEMPATH\View\View.php(216): CodeIgniter\View\View->CodeIgniter\View\{closure}()
 7 SYSTEMPATH\Common.php(1184): CodeIgniter\View\View->render('utama_v', [], true)
 8 APPPATH\Controllers\utama.php(19): view('utama_v')
 9 SYSTEMPATH\CodeIgniter.php(934): App\Controllers\utama->index()
10 SYSTEMPATH\CodeIgniter.php(499): CodeIgniter\CodeIgniter->runController(Object(App\Controllers\utama))
11 SYSTEMPATH\CodeIgniter.php(368): CodeIgniter\CodeIgniter->handleRequest(null, Object(Config\Cache), false)
12 FCPATH\index.php(67): CodeIgniter\CodeIgniter->run()
WARNING - 2024-05-22 07:39:21 --> [DEPRECATED] Creation of dynamic property CodeIgniter\View\View::$request is deprecated in APPPATH\Views\template\header_v.php on line 3.
 1 SYSTEMPATH\View\View.php(213): include('D:\\xampp\\htdocs\\pos\\app\\Views\\template\\header_v.php')
 2 SYSTEMPATH\View\View.php(216): CodeIgniter\View\View->CodeIgniter\View\{closure}()
 3 SYSTEMPATH\View\View.php(431): CodeIgniter\View\View->render('template/header_v', null, true)
 4 APPPATH\Views\utama_v.php(1): CodeIgniter\View\View->include('template/header_v')
 5 SYSTEMPATH\View\View.php(213): include('D:\\xampp\\htdocs\\pos\\app\\Views\\utama_v.php')
 6 SYSTEMPATH\View\View.php(216): CodeIgniter\View\View->CodeIgniter\View\{closure}()
 7 SYSTEMPATH\Common.php(1184): CodeIgniter\View\View->render('utama_v', [], true)
 8 APPPATH\Controllers\utama.php(19): view('utama_v')
 9 SYSTEMPATH\CodeIgniter.php(934): App\Controllers\utama->index()
10 SYSTEMPATH\CodeIgniter.php(499): CodeIgniter\CodeIgniter->runController(Object(App\Controllers\utama))
11 SYSTEMPATH\CodeIgniter.php(368): CodeIgniter\CodeIgniter->handleRequest(null, Object(Config\Cache), false)
12 FCPATH\index.php(67): CodeIgniter\CodeIgniter->run()
WARNING - 2024-05-22 07:39:21 --> [DEPRECATED] Creation of dynamic property CodeIgniter\View\View::$db is deprecated in APPPATH\Views\template\header_v.php on line 7.
 1 SYSTEMPATH\View\View.php(213): include('D:\\xampp\\htdocs\\pos\\app\\Views\\template\\header_v.php')
 2 SYSTEMPATH\View\View.php(216): CodeIgniter\View\View->CodeIgniter\View\{closure}()
 3 SYSTEMPATH\View\View.php(431): CodeIgniter\View\View->render('template/header_v', null, true)
 4 APPPATH\Views\utama_v.php(1): CodeIgniter\View\View->include('template/header_v')
 5 SYSTEMPATH\View\View.php(213): include('D:\\xampp\\htdocs\\pos\\app\\Views\\utama_v.php')
 6 SYSTEMPATH\View\View.php(216): CodeIgniter\View\View->CodeIgniter\View\{closure}()
 7 SYSTEMPATH\Common.php(1184): CodeIgniter\View\View->render('utama_v', [], true)
 8 APPPATH\Controllers\utama.php(19): view('utama_v')
 9 SYSTEMPATH\CodeIgniter.php(934): App\Controllers\utama->index()
10 SYSTEMPATH\CodeIgniter.php(499): CodeIgniter\CodeIgniter->runController(Object(App\Controllers\utama))
11 SYSTEMPATH\CodeIgniter.php(368): CodeIgniter\CodeIgniter->handleRequest(null, Object(Config\Cache), false)
12 FCPATH\index.php(67): CodeIgniter\CodeIgniter->run()
